DEBUG:requests_oauthlib.oauth1_auth:Signing request <PreparedRequest [GET]> using client <Client nonce=None, signature_method=HMAC-SHA1, realm=None, encoding=utf-8, timestamp=None, resource_owner_secret=****, decoding=utf-8, verifier=None, signature_type=AUTH_HEADER, rsa_key=None, resource_owner_key=290264105-IwgRVvawtMBGWoDOj24asoTnVEVjWjeFQvzKyDcb, client_secret=****, callback_uri=None, client_key=mqQMfMBR3HFbm7tpTbAEW7m7e>
DEBUG:requests_oauthlib.oauth1_auth:Including body in call to sign: False
DEBUG:oauthlib:Collected params: [(u'oauth_nonce', u'111233564941050967541414389063'), (u'oauth_timestamp', u'1414389063'), (u'oauth_consumer_key', u'mqQMfMBR3HFbm7tpTbAEW7m7e'), (u'oauth_signature_method', u'HMAC-SHA1'), (u'oauth_version', u'1.0'), (u'oauth_token', u'290264105-IwgRVvawtMBGWoDOj24asoTnVEVjWjeFQvzKyDcb')]
DEBUG:oauthlib:Normalized params: oauth_consumer_key=mqQMfMBR3HFbm7tpTbAEW7m7e&oauth_nonce=111233564941050967541414389063&oauth_signature_method=HMAC-SHA1&oauth_timestamp=1414389063&oauth_token=290264105-IwgRVvawtMBGWoDOj24asoTnVEVjWjeFQvzKyDcb&oauth_version=1.0
DEBUG:oauthlib:Normalized URI: https://api.twitter.com/1.1/statuses/home_timeline.json
DEBUG:oauthlib:Base signing string: GET&https%3A%2F%2Fapi.twitter.com%2F1.1%2Fstatuses%2Fhome_timeline.json&oauth_consumer_key%3DmqQMfMBR3HFbm7tpTbAEW7m7e%26oauth_nonce%3D111233564941050967541414389063%26oauth_signature_method%3DHMAC-SHA1%26oauth_timestamp%3D1414389063%26oauth_token%3D290264105-IwgRVvawtMBGWoDOj24asoTnVEVjWjeFQvzKyDcb%26oauth_version%3D1.0
DEBUG:oauthlib:Signature: hlzUGCuqlH1RQQe1C5RMn/9L/rw=
DEBUG:oauthlib:Encoding URI, headers and body to utf-8.
DEBUG:requests_oauthlib.oauth1_auth:Updated url: https://api.twitter.com/1.1/statuses/home_timeline.json
DEBUG:requests_oauthlib.oauth1_auth:Updated headers: {'Accept': '*/*', 'Connection': 'keep-alive', 'Accept-Encoding': 'gzip, deflate', 'Authorization': 'OAuth oauth_nonce="111233564941050967541414389063", oauth_timestamp="1414389063", oauth_version="1.0", oauth_signature_method="HMAC-SHA1", oauth_consumer_key="mqQMfMBR3HFbm7tpTbAEW7m7e", oauth_token="290264105-IwgRVvawtMBGWoDOj24asoTnVEVjWjeFQvzKyDcb", oauth_signature="hlzUGCuqlH1RQQe1C5RMn%2F9L%2Frw%3D"', 'User-Agent': 'python-requests/2.4.3 CPython/2.7.3 Darwin/14.0.0'}
DEBUG:requests_oauthlib.oauth1_auth:Updated body: None
INFO:requests.packages.urllib3.connectionpool:Starting new HTTPS connection (1): api.twitter.com
DEBUG:requests.packages.urllib3.connectionpool:"GET /1.1/statuses/home_timeline.json HTTP/1.1" 200 8632
INFO:root:Creating Tweet Parser
DEBUG:root:Creating Post Parser for Chirpy
DEBUG:requests_oauthlib.oauth1_auth:Signing request <PreparedRequest [GET]> using client <Client nonce=None, signature_method=HMAC-SHA1, realm=None, encoding=utf-8, timestamp=None, resource_owner_secret=****, decoding=utf-8, verifier=None, signature_type=AUTH_HEADER, rsa_key=None, resource_owner_key=290264105-IwgRVvawtMBGWoDOj24asoTnVEVjWjeFQvzKyDcb, client_secret=****, callback_uri=None, client_key=mqQMfMBR3HFbm7tpTbAEW7m7e>
DEBUG:requests_oauthlib.oauth1_auth:Including body in call to sign: False
DEBUG:oauthlib:Collected params: [(u'oauth_nonce', u'140761668734129422571414389451'), (u'oauth_timestamp', u'1414389451'), (u'oauth_consumer_key', u'mqQMfMBR3HFbm7tpTbAEW7m7e'), (u'oauth_signature_method', u'HMAC-SHA1'), (u'oauth_version', u'1.0'), (u'oauth_token', u'290264105-IwgRVvawtMBGWoDOj24asoTnVEVjWjeFQvzKyDcb')]
DEBUG:oauthlib:Normalized params: oauth_consumer_key=mqQMfMBR3HFbm7tpTbAEW7m7e&oauth_nonce=140761668734129422571414389451&oauth_signature_method=HMAC-SHA1&oauth_timestamp=1414389451&oauth_token=290264105-IwgRVvawtMBGWoDOj24asoTnVEVjWjeFQvzKyDcb&oauth_version=1.0
DEBUG:oauthlib:Normalized URI: https://api.twitter.com/1.1/statuses/home_timeline.json
DEBUG:oauthlib:Base signing string: GET&https%3A%2F%2Fapi.twitter.com%2F1.1%2Fstatuses%2Fhome_timeline.json&oauth_consumer_key%3DmqQMfMBR3HFbm7tpTbAEW7m7e%26oauth_nonce%3D140761668734129422571414389451%26oauth_signature_method%3DHMAC-SHA1%26oauth_timestamp%3D1414389451%26oauth_token%3D290264105-IwgRVvawtMBGWoDOj24asoTnVEVjWjeFQvzKyDcb%26oauth_version%3D1.0
DEBUG:oauthlib:Signature: QUygdo0NvFRwwInsJeY987y3QtY=
DEBUG:oauthlib:Encoding URI, headers and body to utf-8.
DEBUG:requests_oauthlib.oauth1_auth:Updated url: https://api.twitter.com/1.1/statuses/home_timeline.json
DEBUG:requests_oauthlib.oauth1_auth:Updated headers: {'Accept': '*/*', 'Connection': 'keep-alive', 'Accept-Encoding': 'gzip, deflate', 'Authorization': 'OAuth oauth_nonce="140761668734129422571414389451", oauth_timestamp="1414389451", oauth_version="1.0", oauth_signature_method="HMAC-SHA1", oauth_consumer_key="mqQMfMBR3HFbm7tpTbAEW7m7e", oauth_token="290264105-IwgRVvawtMBGWoDOj24asoTnVEVjWjeFQvzKyDcb", oauth_signature="QUygdo0NvFRwwInsJeY987y3QtY%3D"', 'User-Agent': 'python-requests/2.4.3 CPython/2.7.3 Darwin/14.0.0'}
DEBUG:requests_oauthlib.oauth1_auth:Updated body: None
INFO:requests.packages.urllib3.connectionpool:Starting new HTTPS connection (1): api.twitter.com
DEBUG:requests.packages.urllib3.connectionpool:"GET /1.1/statuses/home_timeline.json HTTP/1.1" 200 8628
INFO:root:Creating Tweet Parser
DEBUG:root:Creating Post Parser for Chirpy
DEBUG:requests_oauthlib.oauth1_auth:Signing request <PreparedRequest [GET]> using client <Client nonce=None, signature_method=HMAC-SHA1, realm=None, encoding=utf-8, timestamp=None, resource_owner_secret=****, decoding=utf-8, verifier=None, signature_type=AUTH_HEADER, rsa_key=None, resource_owner_key=290264105-IwgRVvawtMBGWoDOj24asoTnVEVjWjeFQvzKyDcb, client_secret=****, callback_uri=None, client_key=mqQMfMBR3HFbm7tpTbAEW7m7e>
DEBUG:requests_oauthlib.oauth1_auth:Including body in call to sign: False
DEBUG:oauthlib:Collected params: [(u'oauth_nonce', u'119488408802063593911414389473'), (u'oauth_timestamp', u'1414389473'), (u'oauth_consumer_key', u'mqQMfMBR3HFbm7tpTbAEW7m7e'), (u'oauth_signature_method', u'HMAC-SHA1'), (u'oauth_version', u'1.0'), (u'oauth_token', u'290264105-IwgRVvawtMBGWoDOj24asoTnVEVjWjeFQvzKyDcb')]
DEBUG:oauthlib:Normalized params: oauth_consumer_key=mqQMfMBR3HFbm7tpTbAEW7m7e&oauth_nonce=119488408802063593911414389473&oauth_signature_method=HMAC-SHA1&oauth_timestamp=1414389473&oauth_token=290264105-IwgRVvawtMBGWoDOj24asoTnVEVjWjeFQvzKyDcb&oauth_version=1.0
DEBUG:oauthlib:Normalized URI: https://api.twitter.com/1.1/statuses/home_timeline.json
DEBUG:oauthlib:Base signing string: GET&https%3A%2F%2Fapi.twitter.com%2F1.1%2Fstatuses%2Fhome_timeline.json&oauth_consumer_key%3DmqQMfMBR3HFbm7tpTbAEW7m7e%26oauth_nonce%3D119488408802063593911414389473%26oauth_signature_method%3DHMAC-SHA1%26oauth_timestamp%3D1414389473%26oauth_token%3D290264105-IwgRVvawtMBGWoDOj24asoTnVEVjWjeFQvzKyDcb%26oauth_version%3D1.0
DEBUG:oauthlib:Signature: cpGdObfPT8cQJ2oeY15XMC1ilxc=
DEBUG:oauthlib:Encoding URI, headers and body to utf-8.
DEBUG:requests_oauthlib.oauth1_auth:Updated url: https://api.twitter.com/1.1/statuses/home_timeline.json
DEBUG:requests_oauthlib.oauth1_auth:Updated headers: {'Accept': '*/*', 'Connection': 'keep-alive', 'Accept-Encoding': 'gzip, deflate', 'Authorization': 'OAuth oauth_nonce="119488408802063593911414389473", oauth_timestamp="1414389473", oauth_version="1.0", oauth_signature_method="HMAC-SHA1", oauth_consumer_key="mqQMfMBR3HFbm7tpTbAEW7m7e", oauth_token="290264105-IwgRVvawtMBGWoDOj24asoTnVEVjWjeFQvzKyDcb", oauth_signature="cpGdObfPT8cQJ2oeY15XMC1ilxc%3D"', 'User-Agent': 'python-requests/2.4.3 CPython/2.7.3 Darwin/14.0.0'}
DEBUG:requests_oauthlib.oauth1_auth:Updated body: None
INFO:requests.packages.urllib3.connectionpool:Starting new HTTPS connection (1): api.twitter.com
DEBUG:requests.packages.urllib3.connectionpool:"GET /1.1/statuses/home_timeline.json HTTP/1.1" 200 8628
INFO:root:Creating Tweet Parser
DEBUG:root:Creating Post Parser for Chirpy
DEBUG:requests_oauthlib.oauth1_auth:Signing request <PreparedRequest [GET]> using client <Client nonce=None, signature_method=HMAC-SHA1, realm=None, encoding=utf-8, timestamp=None, resource_owner_secret=****, decoding=utf-8, verifier=None, signature_type=AUTH_HEADER, rsa_key=None, resource_owner_key=290264105-IwgRVvawtMBGWoDOj24asoTnVEVjWjeFQvzKyDcb, client_secret=****, callback_uri=None, client_key=mqQMfMBR3HFbm7tpTbAEW7m7e>
DEBUG:requests_oauthlib.oauth1_auth:Including body in call to sign: False
DEBUG:oauthlib:Collected params: [(u'oauth_nonce', u'49817308120036119511414389481'), (u'oauth_timestamp', u'1414389481'), (u'oauth_consumer_key', u'mqQMfMBR3HFbm7tpTbAEW7m7e'), (u'oauth_signature_method', u'HMAC-SHA1'), (u'oauth_version', u'1.0'), (u'oauth_token', u'290264105-IwgRVvawtMBGWoDOj24asoTnVEVjWjeFQvzKyDcb')]
DEBUG:oauthlib:Normalized params: oauth_consumer_key=mqQMfMBR3HFbm7tpTbAEW7m7e&oauth_nonce=49817308120036119511414389481&oauth_signature_method=HMAC-SHA1&oauth_timestamp=1414389481&oauth_token=290264105-IwgRVvawtMBGWoDOj24asoTnVEVjWjeFQvzKyDcb&oauth_version=1.0
DEBUG:oauthlib:Normalized URI: https://api.twitter.com/1.1/statuses/home_timeline.json
DEBUG:oauthlib:Base signing string: GET&https%3A%2F%2Fapi.twitter.com%2F1.1%2Fstatuses%2Fhome_timeline.json&oauth_consumer_key%3DmqQMfMBR3HFbm7tpTbAEW7m7e%26oauth_nonce%3D49817308120036119511414389481%26oauth_signature_method%3DHMAC-SHA1%26oauth_timestamp%3D1414389481%26oauth_token%3D290264105-IwgRVvawtMBGWoDOj24asoTnVEVjWjeFQvzKyDcb%26oauth_version%3D1.0
DEBUG:oauthlib:Signature: b34LuNtc2G2BigipjnYZmeM7yAE=
DEBUG:oauthlib:Encoding URI, headers and body to utf-8.
DEBUG:requests_oauthlib.oauth1_auth:Updated url: https://api.twitter.com/1.1/statuses/home_timeline.json
DEBUG:requests_oauthlib.oauth1_auth:Updated headers: {'Accept': '*/*', 'Connection': 'keep-alive', 'Accept-Encoding': 'gzip, deflate', 'Authorization': 'OAuth oauth_nonce="49817308120036119511414389481", oauth_timestamp="1414389481", oauth_version="1.0", oauth_signature_method="HMAC-SHA1", oauth_consumer_key="mqQMfMBR3HFbm7tpTbAEW7m7e", oauth_token="290264105-IwgRVvawtMBGWoDOj24asoTnVEVjWjeFQvzKyDcb", oauth_signature="b34LuNtc2G2BigipjnYZmeM7yAE%3D"', 'User-Agent': 'python-requests/2.4.3 CPython/2.7.3 Darwin/14.0.0'}
DEBUG:requests_oauthlib.oauth1_auth:Updated body: None
INFO:requests.packages.urllib3.connectionpool:Starting new HTTPS connection (1): api.twitter.com
DEBUG:requests.packages.urllib3.connectionpool:"GET /1.1/statuses/home_timeline.json HTTP/1.1" 200 8628
INFO:root:Creating Tweet Parser
DEBUG:root:Creating Post Parser for Chirpy
DEBUG:requests_oauthlib.oauth1_auth:Signing request <PreparedRequest [GET]> using client <Client nonce=None, signature_method=HMAC-SHA1, realm=None, encoding=utf-8, timestamp=None, resource_owner_secret=****, decoding=utf-8, verifier=None, signature_type=AUTH_HEADER, rsa_key=None, resource_owner_key=290264105-IwgRVvawtMBGWoDOj24asoTnVEVjWjeFQvzKyDcb, client_secret=****, callback_uri=None, client_key=mqQMfMBR3HFbm7tpTbAEW7m7e>
DEBUG:requests_oauthlib.oauth1_auth:Including body in call to sign: False
DEBUG:oauthlib:Collected params: [(u'oauth_nonce', u'126206073733429090831414389531'), (u'oauth_timestamp', u'1414389531'), (u'oauth_consumer_key', u'mqQMfMBR3HFbm7tpTbAEW7m7e'), (u'oauth_signature_method', u'HMAC-SHA1'), (u'oauth_version', u'1.0'), (u'oauth_token', u'290264105-IwgRVvawtMBGWoDOj24asoTnVEVjWjeFQvzKyDcb')]
DEBUG:oauthlib:Normalized params: oauth_consumer_key=mqQMfMBR3HFbm7tpTbAEW7m7e&oauth_nonce=126206073733429090831414389531&oauth_signature_method=HMAC-SHA1&oauth_timestamp=1414389531&oauth_token=290264105-IwgRVvawtMBGWoDOj24asoTnVEVjWjeFQvzKyDcb&oauth_version=1.0
DEBUG:oauthlib:Normalized URI: https://api.twitter.com/1.1/statuses/home_timeline.json
DEBUG:oauthlib:Base signing string: GET&https%3A%2F%2Fapi.twitter.com%2F1.1%2Fstatuses%2Fhome_timeline.json&oauth_consumer_key%3DmqQMfMBR3HFbm7tpTbAEW7m7e%26oauth_nonce%3D126206073733429090831414389531%26oauth_signature_method%3DHMAC-SHA1%26oauth_timestamp%3D1414389531%26oauth_token%3D290264105-IwgRVvawtMBGWoDOj24asoTnVEVjWjeFQvzKyDcb%26oauth_version%3D1.0
DEBUG:oauthlib:Signature: nAPcRu9E2vGmFNNJafOR4eP0HuE=
DEBUG:oauthlib:Encoding URI, headers and body to utf-8.
DEBUG:requests_oauthlib.oauth1_auth:Updated url: https://api.twitter.com/1.1/statuses/home_timeline.json
DEBUG:requests_oauthlib.oauth1_auth:Updated headers: {'Accept': '*/*', 'Connection': 'keep-alive', 'Accept-Encoding': 'gzip, deflate', 'Authorization': 'OAuth oauth_nonce="126206073733429090831414389531", oauth_timestamp="1414389531", oauth_version="1.0", oauth_signature_method="HMAC-SHA1", oauth_consumer_key="mqQMfMBR3HFbm7tpTbAEW7m7e", oauth_token="290264105-IwgRVvawtMBGWoDOj24asoTnVEVjWjeFQvzKyDcb", oauth_signature="nAPcRu9E2vGmFNNJafOR4eP0HuE%3D"', 'User-Agent': 'python-requests/2.4.3 CPython/2.7.3 Darwin/14.0.0'}
DEBUG:requests_oauthlib.oauth1_auth:Updated body: None
INFO:requests.packages.urllib3.connectionpool:Starting new HTTPS connection (1): api.twitter.com
DEBUG:requests.packages.urllib3.connectionpool:"GET /1.1/statuses/home_timeline.json HTTP/1.1" 200 8628
INFO:root:Creating Tweet Parser
DEBUG:root:Creating Post Parser for Chirpy
DEBUG:requests_oauthlib.oauth1_auth:Signing request <PreparedRequest [GET]> using client <Client nonce=None, signature_method=HMAC-SHA1, realm=None, encoding=utf-8, timestamp=None, resource_owner_secret=****, decoding=utf-8, verifier=None, signature_type=AUTH_HEADER, rsa_key=None, resource_owner_key=290264105-IwgRVvawtMBGWoDOj24asoTnVEVjWjeFQvzKyDcb, client_secret=****, callback_uri=None, client_key=mqQMfMBR3HFbm7tpTbAEW7m7e>
DEBUG:requests_oauthlib.oauth1_auth:Including body in call to sign: False
DEBUG:oauthlib:Collected params: [(u'oauth_nonce', u'176487721863866781951414389604'), (u'oauth_timestamp', u'1414389604'), (u'oauth_consumer_key', u'mqQMfMBR3HFbm7tpTbAEW7m7e'), (u'oauth_signature_method', u'HMAC-SHA1'), (u'oauth_version', u'1.0'), (u'oauth_token', u'290264105-IwgRVvawtMBGWoDOj24asoTnVEVjWjeFQvzKyDcb')]
DEBUG:oauthlib:Normalized params: oauth_consumer_key=mqQMfMBR3HFbm7tpTbAEW7m7e&oauth_nonce=176487721863866781951414389604&oauth_signature_method=HMAC-SHA1&oauth_timestamp=1414389604&oauth_token=290264105-IwgRVvawtMBGWoDOj24asoTnVEVjWjeFQvzKyDcb&oauth_version=1.0
DEBUG:oauthlib:Normalized URI: https://api.twitter.com/1.1/statuses/home_timeline.json
DEBUG:oauthlib:Base signing string: GET&https%3A%2F%2Fapi.twitter.com%2F1.1%2Fstatuses%2Fhome_timeline.json&oauth_consumer_key%3DmqQMfMBR3HFbm7tpTbAEW7m7e%26oauth_nonce%3D176487721863866781951414389604%26oauth_signature_method%3DHMAC-SHA1%26oauth_timestamp%3D1414389604%26oauth_token%3D290264105-IwgRVvawtMBGWoDOj24asoTnVEVjWjeFQvzKyDcb%26oauth_version%3D1.0
DEBUG:oauthlib:Signature: W4UX2W851fzcCkrKuOAUgmeLK+g=
DEBUG:oauthlib:Encoding URI, headers and body to utf-8.
DEBUG:requests_oauthlib.oauth1_auth:Updated url: https://api.twitter.com/1.1/statuses/home_timeline.json
DEBUG:requests_oauthlib.oauth1_auth:Updated headers: {'Accept': '*/*', 'Connection': 'keep-alive', 'Accept-Encoding': 'gzip, deflate', 'Authorization': 'OAuth oauth_nonce="176487721863866781951414389604", oauth_timestamp="1414389604", oauth_version="1.0", oauth_signature_method="HMAC-SHA1", oauth_consumer_key="mqQMfMBR3HFbm7tpTbAEW7m7e", oauth_token="290264105-IwgRVvawtMBGWoDOj24asoTnVEVjWjeFQvzKyDcb", oauth_signature="W4UX2W851fzcCkrKuOAUgmeLK%2Bg%3D"', 'User-Agent': 'python-requests/2.4.3 CPython/2.7.3 Darwin/14.0.0'}
DEBUG:requests_oauthlib.oauth1_auth:Updated body: None
INFO:requests.packages.urllib3.connectionpool:Starting new HTTPS connection (1): api.twitter.com
DEBUG:requests.packages.urllib3.connectionpool:"GET /1.1/statuses/home_timeline.json HTTP/1.1" 200 8828
INFO:root:Creating Tweet Parser
DEBUG:root:Creating Post Parser for Chirpy
DEBUG:requests_oauthlib.oauth1_auth:Signing request <PreparedRequest [GET]> using client <Client nonce=None, signature_method=HMAC-SHA1, realm=None, encoding=utf-8, timestamp=None, resource_owner_secret=****, decoding=utf-8, verifier=None, signature_type=AUTH_HEADER, rsa_key=None, resource_owner_key=290264105-IwgRVvawtMBGWoDOj24asoTnVEVjWjeFQvzKyDcb, client_secret=****, callback_uri=None, client_key=mqQMfMBR3HFbm7tpTbAEW7m7e>
DEBUG:requests_oauthlib.oauth1_auth:Including body in call to sign: False
DEBUG:oauthlib:Collected params: [(u'oauth_nonce', u'53881110722936488821414389616'), (u'oauth_timestamp', u'1414389616'), (u'oauth_consumer_key', u'mqQMfMBR3HFbm7tpTbAEW7m7e'), (u'oauth_signature_method', u'HMAC-SHA1'), (u'oauth_version', u'1.0'), (u'oauth_token', u'290264105-IwgRVvawtMBGWoDOj24asoTnVEVjWjeFQvzKyDcb')]
DEBUG:oauthlib:Normalized params: oauth_consumer_key=mqQMfMBR3HFbm7tpTbAEW7m7e&oauth_nonce=53881110722936488821414389616&oauth_signature_method=HMAC-SHA1&oauth_timestamp=1414389616&oauth_token=290264105-IwgRVvawtMBGWoDOj24asoTnVEVjWjeFQvzKyDcb&oauth_version=1.0
DEBUG:oauthlib:Normalized URI: https://api.twitter.com/1.1/statuses/home_timeline.json
DEBUG:oauthlib:Base signing string: GET&https%3A%2F%2Fapi.twitter.com%2F1.1%2Fstatuses%2Fhome_timeline.json&oauth_consumer_key%3DmqQMfMBR3HFbm7tpTbAEW7m7e%26oauth_nonce%3D53881110722936488821414389616%26oauth_signature_method%3DHMAC-SHA1%26oauth_timestamp%3D1414389616%26oauth_token%3D290264105-IwgRVvawtMBGWoDOj24asoTnVEVjWjeFQvzKyDcb%26oauth_version%3D1.0
DEBUG:oauthlib:Signature: qKP6w6a26gb9xE6+N4cAKz4MGJs=
DEBUG:oauthlib:Encoding URI, headers and body to utf-8.
DEBUG:requests_oauthlib.oauth1_auth:Updated url: https://api.twitter.com/1.1/statuses/home_timeline.json
DEBUG:requests_oauthlib.oauth1_auth:Updated headers: {'Accept': '*/*', 'Connection': 'keep-alive', 'Accept-Encoding': 'gzip, deflate', 'Authorization': 'OAuth oauth_nonce="53881110722936488821414389616", oauth_timestamp="1414389616", oauth_version="1.0", oauth_signature_method="HMAC-SHA1", oauth_consumer_key="mqQMfMBR3HFbm7tpTbAEW7m7e", oauth_token="290264105-IwgRVvawtMBGWoDOj24asoTnVEVjWjeFQvzKyDcb", oauth_signature="qKP6w6a26gb9xE6%2BN4cAKz4MGJs%3D"', 'User-Agent': 'python-requests/2.4.3 CPython/2.7.3 Darwin/14.0.0'}
DEBUG:requests_oauthlib.oauth1_auth:Updated body: None
INFO:requests.packages.urllib3.connectionpool:Starting new HTTPS connection (1): api.twitter.com
DEBUG:requests.packages.urllib3.connectionpool:"GET /1.1/statuses/home_timeline.json HTTP/1.1" 200 8828
INFO:root:Creating Tweet Parser
DEBUG:root:Creating Post Parser for Chirpy
DEBUG:requests_oauthlib.oauth1_auth:Signing request <PreparedRequest [GET]> using client <Client nonce=None, signature_method=HMAC-SHA1, realm=None, encoding=utf-8, timestamp=None, resource_owner_secret=****, decoding=utf-8, verifier=None, signature_type=AUTH_HEADER, rsa_key=None, resource_owner_key=290264105-IwgRVvawtMBGWoDOj24asoTnVEVjWjeFQvzKyDcb, client_secret=****, callback_uri=None, client_key=mqQMfMBR3HFbm7tpTbAEW7m7e>
DEBUG:requests_oauthlib.oauth1_auth:Including body in call to sign: False
DEBUG:oauthlib:Collected params: [(u'oauth_nonce', u'6827614979347213371414456971'), (u'oauth_timestamp', u'1414456971'), (u'oauth_consumer_key', u'mqQMfMBR3HFbm7tpTbAEW7m7e'), (u'oauth_signature_method', u'HMAC-SHA1'), (u'oauth_version', u'1.0'), (u'oauth_token', u'290264105-IwgRVvawtMBGWoDOj24asoTnVEVjWjeFQvzKyDcb')]
DEBUG:oauthlib:Normalized params: oauth_consumer_key=mqQMfMBR3HFbm7tpTbAEW7m7e&oauth_nonce=6827614979347213371414456971&oauth_signature_method=HMAC-SHA1&oauth_timestamp=1414456971&oauth_token=290264105-IwgRVvawtMBGWoDOj24asoTnVEVjWjeFQvzKyDcb&oauth_version=1.0
DEBUG:oauthlib:Normalized URI: https://api.twitter.com/1.1/statuses/home_timeline.json
DEBUG:oauthlib:Base signing string: GET&https%3A%2F%2Fapi.twitter.com%2F1.1%2Fstatuses%2Fhome_timeline.json&oauth_consumer_key%3DmqQMfMBR3HFbm7tpTbAEW7m7e%26oauth_nonce%3D6827614979347213371414456971%26oauth_signature_method%3DHMAC-SHA1%26oauth_timestamp%3D1414456971%26oauth_token%3D290264105-IwgRVvawtMBGWoDOj24asoTnVEVjWjeFQvzKyDcb%26oauth_version%3D1.0
DEBUG:oauthlib:Signature: Wu95E+upXThJNCJYNG3nDB2ooks=
DEBUG:oauthlib:Encoding URI, headers and body to utf-8.
DEBUG:requests_oauthlib.oauth1_auth:Updated url: https://api.twitter.com/1.1/statuses/home_timeline.json
DEBUG:requests_oauthlib.oauth1_auth:Updated headers: {'Accept': '*/*', 'Connection': 'keep-alive', 'Accept-Encoding': 'gzip, deflate', 'Authorization': 'OAuth oauth_nonce="6827614979347213371414456971", oauth_timestamp="1414456971", oauth_version="1.0", oauth_signature_method="HMAC-SHA1", oauth_consumer_key="mqQMfMBR3HFbm7tpTbAEW7m7e", oauth_token="290264105-IwgRVvawtMBGWoDOj24asoTnVEVjWjeFQvzKyDcb", oauth_signature="Wu95E%2BupXThJNCJYNG3nDB2ooks%3D"', 'User-Agent': 'python-requests/2.4.3 CPython/2.7.3 Darwin/14.0.0'}
DEBUG:requests_oauthlib.oauth1_auth:Updated body: None
INFO:requests.packages.urllib3.connectionpool:Starting new HTTPS connection (1): api.twitter.com
DEBUG:requests.packages.urllib3.connectionpool:"GET /1.1/statuses/home_timeline.json HTTP/1.1" 200 9826
INFO:root:Creating Tweet Parser
DEBUG:root:Creating Post Parser for Chirpy
DEBUG:requests_oauthlib.oauth1_auth:Signing request <PreparedRequest [GET]> using client <Client nonce=None, signature_method=HMAC-SHA1, realm=None, encoding=utf-8, timestamp=None, resource_owner_secret=****, decoding=utf-8, verifier=None, signature_type=AUTH_HEADER, rsa_key=None, resource_owner_key=290264105-IwgRVvawtMBGWoDOj24asoTnVEVjWjeFQvzKyDcb, client_secret=****, callback_uri=None, client_key=mqQMfMBR3HFbm7tpTbAEW7m7e>
DEBUG:requests_oauthlib.oauth1_auth:Including body in call to sign: False
DEBUG:oauthlib:Collected params: [(u'oauth_nonce', u'4463819029284566861414457294'), (u'oauth_timestamp', u'1414457294'), (u'oauth_consumer_key', u'mqQMfMBR3HFbm7tpTbAEW7m7e'), (u'oauth_signature_method', u'HMAC-SHA1'), (u'oauth_version', u'1.0'), (u'oauth_token', u'290264105-IwgRVvawtMBGWoDOj24asoTnVEVjWjeFQvzKyDcb')]
DEBUG:oauthlib:Normalized params: oauth_consumer_key=mqQMfMBR3HFbm7tpTbAEW7m7e&oauth_nonce=4463819029284566861414457294&oauth_signature_method=HMAC-SHA1&oauth_timestamp=1414457294&oauth_token=290264105-IwgRVvawtMBGWoDOj24asoTnVEVjWjeFQvzKyDcb&oauth_version=1.0
DEBUG:oauthlib:Normalized URI: https://api.twitter.com/1.1/statuses/home_timeline.json
DEBUG:oauthlib:Base signing string: GET&https%3A%2F%2Fapi.twitter.com%2F1.1%2Fstatuses%2Fhome_timeline.json&oauth_consumer_key%3DmqQMfMBR3HFbm7tpTbAEW7m7e%26oauth_nonce%3D4463819029284566861414457294%26oauth_signature_method%3DHMAC-SHA1%26oauth_timestamp%3D1414457294%26oauth_token%3D290264105-IwgRVvawtMBGWoDOj24asoTnVEVjWjeFQvzKyDcb%26oauth_version%3D1.0
DEBUG:oauthlib:Signature: p3baZYmbDSuRyXRlMpxS+Z8Pu4s=
DEBUG:oauthlib:Encoding URI, headers and body to utf-8.
DEBUG:requests_oauthlib.oauth1_auth:Updated url: https://api.twitter.com/1.1/statuses/home_timeline.json
DEBUG:requests_oauthlib.oauth1_auth:Updated headers: {'Accept': '*/*', 'Connection': 'keep-alive', 'Accept-Encoding': 'gzip, deflate', 'Authorization': 'OAuth oauth_nonce="4463819029284566861414457294", oauth_timestamp="1414457294", oauth_version="1.0", oauth_signature_method="HMAC-SHA1", oauth_consumer_key="mqQMfMBR3HFbm7tpTbAEW7m7e", oauth_token="290264105-IwgRVvawtMBGWoDOj24asoTnVEVjWjeFQvzKyDcb", oauth_signature="p3baZYmbDSuRyXRlMpxS%2BZ8Pu4s%3D"', 'User-Agent': 'python-requests/2.4.3 CPython/2.7.3 Darwin/14.0.0'}
DEBUG:requests_oauthlib.oauth1_auth:Updated body: None
INFO:requests.packages.urllib3.connectionpool:Starting new HTTPS connection (1): api.twitter.com
DEBUG:requests.packages.urllib3.connectionpool:"GET /1.1/statuses/home_timeline.json HTTP/1.1" 200 9834
DEBUG:requests_oauthlib.oauth1_auth:Signing request <PreparedRequest [GET]> using client <Client nonce=None, signature_method=HMAC-SHA1, realm=None, encoding=utf-8, timestamp=None, resource_owner_secret=****, decoding=utf-8, verifier=None, signature_type=AUTH_HEADER, rsa_key=None, resource_owner_key=290264105-IwgRVvawtMBGWoDOj24asoTnVEVjWjeFQvzKyDcb, client_secret=****, callback_uri=None, client_key=mqQMfMBR3HFbm7tpTbAEW7m7e>
DEBUG:requests_oauthlib.oauth1_auth:Including body in call to sign: False
DEBUG:oauthlib:Collected params: [(u'oauth_nonce', u'84041187409896078521414457664'), (u'oauth_timestamp', u'1414457664'), (u'oauth_consumer_key', u'mqQMfMBR3HFbm7tpTbAEW7m7e'), (u'oauth_signature_method', u'HMAC-SHA1'), (u'oauth_version', u'1.0'), (u'oauth_token', u'290264105-IwgRVvawtMBGWoDOj24asoTnVEVjWjeFQvzKyDcb')]
DEBUG:oauthlib:Normalized params: oauth_consumer_key=mqQMfMBR3HFbm7tpTbAEW7m7e&oauth_nonce=84041187409896078521414457664&oauth_signature_method=HMAC-SHA1&oauth_timestamp=1414457664&oauth_token=290264105-IwgRVvawtMBGWoDOj24asoTnVEVjWjeFQvzKyDcb&oauth_version=1.0
DEBUG:oauthlib:Normalized URI: https://api.twitter.com/1.1/statuses/home_timeline.json
DEBUG:oauthlib:Base signing string: GET&https%3A%2F%2Fapi.twitter.com%2F1.1%2Fstatuses%2Fhome_timeline.json&oauth_consumer_key%3DmqQMfMBR3HFbm7tpTbAEW7m7e%26oauth_nonce%3D84041187409896078521414457664%26oauth_signature_method%3DHMAC-SHA1%26oauth_timestamp%3D1414457664%26oauth_token%3D290264105-IwgRVvawtMBGWoDOj24asoTnVEVjWjeFQvzKyDcb%26oauth_version%3D1.0
DEBUG:oauthlib:Signature: 3YEKTpOTrBFTxZixbK1k6vq35aM=
DEBUG:oauthlib:Encoding URI, headers and body to utf-8.
DEBUG:requests_oauthlib.oauth1_auth:Updated url: https://api.twitter.com/1.1/statuses/home_timeline.json
DEBUG:requests_oauthlib.oauth1_auth:Updated headers: {'Accept': '*/*', 'Connection': 'keep-alive', 'Accept-Encoding': 'gzip, deflate', 'Authorization': 'OAuth oauth_nonce="84041187409896078521414457664", oauth_timestamp="1414457664", oauth_version="1.0", oauth_signature_method="HMAC-SHA1", oauth_consumer_key="mqQMfMBR3HFbm7tpTbAEW7m7e", oauth_token="290264105-IwgRVvawtMBGWoDOj24asoTnVEVjWjeFQvzKyDcb", oauth_signature="3YEKTpOTrBFTxZixbK1k6vq35aM%3D"', 'User-Agent': 'python-requests/2.4.3 CPython/2.7.3 Darwin/14.0.0'}
DEBUG:requests_oauthlib.oauth1_auth:Updated body: None
INFO:requests.packages.urllib3.connectionpool:Starting new HTTPS connection (1): api.twitter.com
DEBUG:requests.packages.urllib3.connectionpool:"GET /1.1/statuses/home_timeline.json HTTP/1.1" 200 9831
DEBUG:requests_oauthlib.oauth1_auth:Signing request <PreparedRequest [GET]> using client <Client nonce=None, signature_method=HMAC-SHA1, realm=None, encoding=utf-8, timestamp=None, resource_owner_secret=****, decoding=utf-8, verifier=None, signature_type=AUTH_HEADER, rsa_key=None, resource_owner_key=290264105-IwgRVvawtMBGWoDOj24asoTnVEVjWjeFQvzKyDcb, client_secret=****, callback_uri=None, client_key=mqQMfMBR3HFbm7tpTbAEW7m7e>
DEBUG:requests_oauthlib.oauth1_auth:Including body in call to sign: False
DEBUG:oauthlib:Collected params: [(u'oauth_nonce', u'74740228786132079241414457694'), (u'oauth_timestamp', u'1414457694'), (u'oauth_consumer_key', u'mqQMfMBR3HFbm7tpTbAEW7m7e'), (u'oauth_signature_method', u'HMAC-SHA1'), (u'oauth_version', u'1.0'), (u'oauth_token', u'290264105-IwgRVvawtMBGWoDOj24asoTnVEVjWjeFQvzKyDcb')]
DEBUG:oauthlib:Normalized params: oauth_consumer_key=mqQMfMBR3HFbm7tpTbAEW7m7e&oauth_nonce=74740228786132079241414457694&oauth_signature_method=HMAC-SHA1&oauth_timestamp=1414457694&oauth_token=290264105-IwgRVvawtMBGWoDOj24asoTnVEVjWjeFQvzKyDcb&oauth_version=1.0
DEBUG:oauthlib:Normalized URI: https://api.twitter.com/1.1/statuses/home_timeline.json
DEBUG:oauthlib:Base signing string: GET&https%3A%2F%2Fapi.twitter.com%2F1.1%2Fstatuses%2Fhome_timeline.json&oauth_consumer_key%3DmqQMfMBR3HFbm7tpTbAEW7m7e%26oauth_nonce%3D74740228786132079241414457694%26oauth_signature_method%3DHMAC-SHA1%26oauth_timestamp%3D1414457694%26oauth_token%3D290264105-IwgRVvawtMBGWoDOj24asoTnVEVjWjeFQvzKyDcb%26oauth_version%3D1.0
DEBUG:oauthlib:Signature: 5M0kFaSTlLSgF2iyI21/XnjUnjk=
DEBUG:oauthlib:Encoding URI, headers and body to utf-8.
DEBUG:requests_oauthlib.oauth1_auth:Updated url: https://api.twitter.com/1.1/statuses/home_timeline.json
DEBUG:requests_oauthlib.oauth1_auth:Updated headers: {'Accept': '*/*', 'Connection': 'keep-alive', 'Accept-Encoding': 'gzip, deflate', 'Authorization': 'OAuth oauth_nonce="74740228786132079241414457694", oauth_timestamp="1414457694", oauth_version="1.0", oauth_signature_method="HMAC-SHA1", oauth_consumer_key="mqQMfMBR3HFbm7tpTbAEW7m7e", oauth_token="290264105-IwgRVvawtMBGWoDOj24asoTnVEVjWjeFQvzKyDcb", oauth_signature="5M0kFaSTlLSgF2iyI21%2FXnjUnjk%3D"', 'User-Agent': 'python-requests/2.4.3 CPython/2.7.3 Darwin/14.0.0'}
DEBUG:requests_oauthlib.oauth1_auth:Updated body: None
INFO:requests.packages.urllib3.connectionpool:Starting new HTTPS connection (1): api.twitter.com
DEBUG:requests.packages.urllib3.connectionpool:"GET /1.1/statuses/home_timeline.json HTTP/1.1" 200 9833
INFO:root:Creating Tweet Parser
DEBUG:root:Creating Post Parser for Chirpy
DEBUG:requests_oauthlib.oauth1_auth:Signing request <PreparedRequest [GET]> using client <Client nonce=None, signature_method=HMAC-SHA1, realm=None, encoding=utf-8, timestamp=None, resource_owner_secret=****, decoding=utf-8, verifier=None, signature_type=AUTH_HEADER, rsa_key=None, resource_owner_key=290264105-IwgRVvawtMBGWoDOj24asoTnVEVjWjeFQvzKyDcb, client_secret=****, callback_uri=None, client_key=mqQMfMBR3HFbm7tpTbAEW7m7e>
DEBUG:requests_oauthlib.oauth1_auth:Including body in call to sign: False
DEBUG:oauthlib:Collected params: [(u'oauth_nonce', u'73551694175280723691414457699'), (u'oauth_timestamp', u'1414457699'), (u'oauth_consumer_key', u'mqQMfMBR3HFbm7tpTbAEW7m7e'), (u'oauth_signature_method', u'HMAC-SHA1'), (u'oauth_version', u'1.0'), (u'oauth_token', u'290264105-IwgRVvawtMBGWoDOj24asoTnVEVjWjeFQvzKyDcb')]
DEBUG:oauthlib:Normalized params: oauth_consumer_key=mqQMfMBR3HFbm7tpTbAEW7m7e&oauth_nonce=73551694175280723691414457699&oauth_signature_method=HMAC-SHA1&oauth_timestamp=1414457699&oauth_token=290264105-IwgRVvawtMBGWoDOj24asoTnVEVjWjeFQvzKyDcb&oauth_version=1.0
DEBUG:oauthlib:Normalized URI: https://api.twitter.com/1.1/statuses/home_timeline.json
DEBUG:oauthlib:Base signing string: GET&https%3A%2F%2Fapi.twitter.com%2F1.1%2Fstatuses%2Fhome_timeline.json&oauth_consumer_key%3DmqQMfMBR3HFbm7tpTbAEW7m7e%26oauth_nonce%3D73551694175280723691414457699%26oauth_signature_method%3DHMAC-SHA1%26oauth_timestamp%3D1414457699%26oauth_token%3D290264105-IwgRVvawtMBGWoDOj24asoTnVEVjWjeFQvzKyDcb%26oauth_version%3D1.0
DEBUG:oauthlib:Signature: npmm/0hvwcB3EZDqhT6BfBVN6a8=
DEBUG:oauthlib:Encoding URI, headers and body to utf-8.
DEBUG:requests_oauthlib.oauth1_auth:Updated url: https://api.twitter.com/1.1/statuses/home_timeline.json
DEBUG:requests_oauthlib.oauth1_auth:Updated headers: {'Accept': '*/*', 'Connection': 'keep-alive', 'Accept-Encoding': 'gzip, deflate', 'Authorization': 'OAuth oauth_nonce="73551694175280723691414457699", oauth_timestamp="1414457699", oauth_version="1.0", oauth_signature_method="HMAC-SHA1", oauth_consumer_key="mqQMfMBR3HFbm7tpTbAEW7m7e", oauth_token="290264105-IwgRVvawtMBGWoDOj24asoTnVEVjWjeFQvzKyDcb", oauth_signature="npmm%2F0hvwcB3EZDqhT6BfBVN6a8%3D"', 'User-Agent': 'python-requests/2.4.3 CPython/2.7.3 Darwin/14.0.0'}
DEBUG:requests_oauthlib.oauth1_auth:Updated body: None
INFO:requests.packages.urllib3.connectionpool:Starting new HTTPS connection (1): api.twitter.com
DEBUG:requests.packages.urllib3.connectionpool:"GET /1.1/statuses/home_timeline.json HTTP/1.1" 200 9833
INFO:root:Creating Tweet Parser
DEBUG:root:Creating Post Parser for Chirpy
DEBUG:requests_oauthlib.oauth1_auth:Signing request <PreparedRequest [GET]> using client <Client nonce=None, signature_method=HMAC-SHA1, realm=None, encoding=utf-8, timestamp=None, resource_owner_secret=****, decoding=utf-8, verifier=None, signature_type=AUTH_HEADER, rsa_key=None, resource_owner_key=290264105-IwgRVvawtMBGWoDOj24asoTnVEVjWjeFQvzKyDcb, client_secret=****, callback_uri=None, client_key=mqQMfMBR3HFbm7tpTbAEW7m7e>
DEBUG:requests_oauthlib.oauth1_auth:Including body in call to sign: False
DEBUG:oauthlib:Collected params: [(u'oauth_nonce', u'41400345223834048961414457703'), (u'oauth_timestamp', u'1414457703'), (u'oauth_consumer_key', u'mqQMfMBR3HFbm7tpTbAEW7m7e'), (u'oauth_signature_method', u'HMAC-SHA1'), (u'oauth_version', u'1.0'), (u'oauth_token', u'290264105-IwgRVvawtMBGWoDOj24asoTnVEVjWjeFQvzKyDcb')]
DEBUG:oauthlib:Normalized params: oauth_consumer_key=mqQMfMBR3HFbm7tpTbAEW7m7e&oauth_nonce=41400345223834048961414457703&oauth_signature_method=HMAC-SHA1&oauth_timestamp=1414457703&oauth_token=290264105-IwgRVvawtMBGWoDOj24asoTnVEVjWjeFQvzKyDcb&oauth_version=1.0
DEBUG:oauthlib:Normalized URI: https://api.twitter.com/1.1/statuses/home_timeline.json
DEBUG:oauthlib:Base signing string: GET&https%3A%2F%2Fapi.twitter.com%2F1.1%2Fstatuses%2Fhome_timeline.json&oauth_consumer_key%3DmqQMfMBR3HFbm7tpTbAEW7m7e%26oauth_nonce%3D41400345223834048961414457703%26oauth_signature_method%3DHMAC-SHA1%26oauth_timestamp%3D1414457703%26oauth_token%3D290264105-IwgRVvawtMBGWoDOj24asoTnVEVjWjeFQvzKyDcb%26oauth_version%3D1.0
DEBUG:oauthlib:Signature: kuvFtD+nOZzitie9rsP75rQcbPA=
DEBUG:oauthlib:Encoding URI, headers and body to utf-8.
DEBUG:requests_oauthlib.oauth1_auth:Updated url: https://api.twitter.com/1.1/statuses/home_timeline.json
DEBUG:requests_oauthlib.oauth1_auth:Updated headers: {'Accept': '*/*', 'Connection': 'keep-alive', 'Accept-Encoding': 'gzip, deflate', 'Authorization': 'OAuth oauth_nonce="41400345223834048961414457703", oauth_timestamp="1414457703", oauth_version="1.0", oauth_signature_method="HMAC-SHA1", oauth_consumer_key="mqQMfMBR3HFbm7tpTbAEW7m7e", oauth_token="290264105-IwgRVvawtMBGWoDOj24asoTnVEVjWjeFQvzKyDcb", oauth_signature="kuvFtD%2BnOZzitie9rsP75rQcbPA%3D"', 'User-Agent': 'python-requests/2.4.3 CPython/2.7.3 Darwin/14.0.0'}
DEBUG:requests_oauthlib.oauth1_auth:Updated body: None
INFO:requests.packages.urllib3.connectionpool:Starting new HTTPS connection (1): api.twitter.com
DEBUG:requests.packages.urllib3.connectionpool:"GET /1.1/statuses/home_timeline.json HTTP/1.1" 200 9833
INFO:root:Creating Tweet Parser
DEBUG:root:Creating Post Parser for Chirpy
DEBUG:requests_oauthlib.oauth1_auth:Signing request <PreparedRequest [GET]> using client <Client nonce=None, signature_method=HMAC-SHA1, realm=None, encoding=utf-8, timestamp=None, resource_owner_secret=****, decoding=utf-8, verifier=None, signature_type=AUTH_HEADER, rsa_key=None, resource_owner_key=290264105-IwgRVvawtMBGWoDOj24asoTnVEVjWjeFQvzKyDcb, client_secret=****, callback_uri=None, client_key=mqQMfMBR3HFbm7tpTbAEW7m7e>
DEBUG:requests_oauthlib.oauth1_auth:Including body in call to sign: False
DEBUG:oauthlib:Collected params: [(u'oauth_nonce', u'42723935085276356901414457708'), (u'oauth_timestamp', u'1414457708'), (u'oauth_consumer_key', u'mqQMfMBR3HFbm7tpTbAEW7m7e'), (u'oauth_signature_method', u'HMAC-SHA1'), (u'oauth_version', u'1.0'), (u'oauth_token', u'290264105-IwgRVvawtMBGWoDOj24asoTnVEVjWjeFQvzKyDcb')]
DEBUG:oauthlib:Normalized params: oauth_consumer_key=mqQMfMBR3HFbm7tpTbAEW7m7e&oauth_nonce=42723935085276356901414457708&oauth_signature_method=HMAC-SHA1&oauth_timestamp=1414457708&oauth_token=290264105-IwgRVvawtMBGWoDOj24asoTnVEVjWjeFQvzKyDcb&oauth_version=1.0
DEBUG:oauthlib:Normalized URI: https://api.twitter.com/1.1/statuses/home_timeline.json
DEBUG:oauthlib:Base signing string: GET&https%3A%2F%2Fapi.twitter.com%2F1.1%2Fstatuses%2Fhome_timeline.json&oauth_consumer_key%3DmqQMfMBR3HFbm7tpTbAEW7m7e%26oauth_nonce%3D42723935085276356901414457708%26oauth_signature_method%3DHMAC-SHA1%26oauth_timestamp%3D1414457708%26oauth_token%3D290264105-IwgRVvawtMBGWoDOj24asoTnVEVjWjeFQvzKyDcb%26oauth_version%3D1.0
DEBUG:oauthlib:Signature: Amc7X5e7JNfPIsswS3IPrM0NkJ4=
DEBUG:oauthlib:Encoding URI, headers and body to utf-8.
DEBUG:requests_oauthlib.oauth1_auth:Updated url: https://api.twitter.com/1.1/statuses/home_timeline.json
DEBUG:requests_oauthlib.oauth1_auth:Updated headers: {'Accept': '*/*', 'Connection': 'keep-alive', 'Accept-Encoding': 'gzip, deflate', 'Authorization': 'OAuth oauth_nonce="42723935085276356901414457708", oauth_timestamp="1414457708", oauth_version="1.0", oauth_signature_method="HMAC-SHA1", oauth_consumer_key="mqQMfMBR3HFbm7tpTbAEW7m7e", oauth_token="290264105-IwgRVvawtMBGWoDOj24asoTnVEVjWjeFQvzKyDcb", oauth_signature="Amc7X5e7JNfPIsswS3IPrM0NkJ4%3D"', 'User-Agent': 'python-requests/2.4.3 CPython/2.7.3 Darwin/14.0.0'}
DEBUG:requests_oauthlib.oauth1_auth:Updated body: None
INFO:requests.packages.urllib3.connectionpool:Starting new HTTPS connection (1): api.twitter.com
DEBUG:requests.packages.urllib3.connectionpool:"GET /1.1/statuses/home_timeline.json HTTP/1.1" 200 9833
INFO:root:Creating Tweet Parser
DEBUG:root:Creating Post Parser for Chirpy
DEBUG:requests_oauthlib.oauth1_auth:Signing request <PreparedRequest [GET]> using client <Client nonce=None, signature_method=HMAC-SHA1, realm=None, encoding=utf-8, timestamp=None, resource_owner_secret=****, decoding=utf-8, verifier=None, signature_type=AUTH_HEADER, rsa_key=None, resource_owner_key=290264105-IwgRVvawtMBGWoDOj24asoTnVEVjWjeFQvzKyDcb, client_secret=****, callback_uri=None, client_key=mqQMfMBR3HFbm7tpTbAEW7m7e>
DEBUG:requests_oauthlib.oauth1_auth:Including body in call to sign: False
DEBUG:oauthlib:Collected params: [(u'oauth_nonce', u'140956893511816898461414457718'), (u'oauth_timestamp', u'1414457718'), (u'oauth_consumer_key', u'mqQMfMBR3HFbm7tpTbAEW7m7e'), (u'oauth_signature_method', u'HMAC-SHA1'), (u'oauth_version', u'1.0'), (u'oauth_token', u'290264105-IwgRVvawtMBGWoDOj24asoTnVEVjWjeFQvzKyDcb')]
DEBUG:oauthlib:Normalized params: oauth_consumer_key=mqQMfMBR3HFbm7tpTbAEW7m7e&oauth_nonce=140956893511816898461414457718&oauth_signature_method=HMAC-SHA1&oauth_timestamp=1414457718&oauth_token=290264105-IwgRVvawtMBGWoDOj24asoTnVEVjWjeFQvzKyDcb&oauth_version=1.0
DEBUG:oauthlib:Normalized URI: https://api.twitter.com/1.1/statuses/home_timeline.json
DEBUG:oauthlib:Base signing string: GET&https%3A%2F%2Fapi.twitter.com%2F1.1%2Fstatuses%2Fhome_timeline.json&oauth_consumer_key%3DmqQMfMBR3HFbm7tpTbAEW7m7e%26oauth_nonce%3D140956893511816898461414457718%26oauth_signature_method%3DHMAC-SHA1%26oauth_timestamp%3D1414457718%26oauth_token%3D290264105-IwgRVvawtMBGWoDOj24asoTnVEVjWjeFQvzKyDcb%26oauth_version%3D1.0
DEBUG:oauthlib:Signature: UloIxO8plJ6k+htyBacFgowOmFY=
DEBUG:oauthlib:Encoding URI, headers and body to utf-8.
DEBUG:requests_oauthlib.oauth1_auth:Updated url: https://api.twitter.com/1.1/statuses/home_timeline.json
DEBUG:requests_oauthlib.oauth1_auth:Updated headers: {'Accept': '*/*', 'Connection': 'keep-alive', 'Accept-Encoding': 'gzip, deflate', 'Authorization': 'OAuth oauth_nonce="140956893511816898461414457718", oauth_timestamp="1414457718", oauth_version="1.0", oauth_signature_method="HMAC-SHA1", oauth_consumer_key="mqQMfMBR3HFbm7tpTbAEW7m7e", oauth_token="290264105-IwgRVvawtMBGWoDOj24asoTnVEVjWjeFQvzKyDcb", oauth_signature="UloIxO8plJ6k%2BhtyBacFgowOmFY%3D"', 'User-Agent': 'python-requests/2.4.3 CPython/2.7.3 Darwin/14.0.0'}
DEBUG:requests_oauthlib.oauth1_auth:Updated body: None
INFO:requests.packages.urllib3.connectionpool:Starting new HTTPS connection (1): api.twitter.com
DEBUG:requests.packages.urllib3.connectionpool:"GET /1.1/statuses/home_timeline.json HTTP/1.1" 200 9833
INFO:root:Creating Tweet Parser
DEBUG:root:Creating Post Parser for Chirpy
DEBUG:requests_oauthlib.oauth1_auth:Signing request <PreparedRequest [GET]> using client <Client nonce=None, signature_method=HMAC-SHA1, realm=None, encoding=utf-8, timestamp=None, resource_owner_secret=****, decoding=utf-8, verifier=None, signature_type=AUTH_HEADER, rsa_key=None, resource_owner_key=290264105-IwgRVvawtMBGWoDOj24asoTnVEVjWjeFQvzKyDcb, client_secret=****, callback_uri=None, client_key=mqQMfMBR3HFbm7tpTbAEW7m7e>
DEBUG:requests_oauthlib.oauth1_auth:Including body in call to sign: False
DEBUG:oauthlib:Collected params: [(u'oauth_nonce', u'164273946681246747381414457735'), (u'oauth_timestamp', u'1414457735'), (u'oauth_consumer_key', u'mqQMfMBR3HFbm7tpTbAEW7m7e'), (u'oauth_signature_method', u'HMAC-SHA1'), (u'oauth_version', u'1.0'), (u'oauth_token', u'290264105-IwgRVvawtMBGWoDOj24asoTnVEVjWjeFQvzKyDcb')]
DEBUG:oauthlib:Normalized params: oauth_consumer_key=mqQMfMBR3HFbm7tpTbAEW7m7e&oauth_nonce=164273946681246747381414457735&oauth_signature_method=HMAC-SHA1&oauth_timestamp=1414457735&oauth_token=290264105-IwgRVvawtMBGWoDOj24asoTnVEVjWjeFQvzKyDcb&oauth_version=1.0
DEBUG:oauthlib:Normalized URI: https://api.twitter.com/1.1/statuses/home_timeline.json
DEBUG:oauthlib:Base signing string: GET&https%3A%2F%2Fapi.twitter.com%2F1.1%2Fstatuses%2Fhome_timeline.json&oauth_consumer_key%3DmqQMfMBR3HFbm7tpTbAEW7m7e%26oauth_nonce%3D164273946681246747381414457735%26oauth_signature_method%3DHMAC-SHA1%26oauth_timestamp%3D1414457735%26oauth_token%3D290264105-IwgRVvawtMBGWoDOj24asoTnVEVjWjeFQvzKyDcb%26oauth_version%3D1.0
DEBUG:oauthlib:Signature: c1BacICis8yLDk5c0FsWLR82QAw=
DEBUG:oauthlib:Encoding URI, headers and body to utf-8.
DEBUG:requests_oauthlib.oauth1_auth:Updated url: https://api.twitter.com/1.1/statuses/home_timeline.json
DEBUG:requests_oauthlib.oauth1_auth:Updated headers: {'Accept': '*/*', 'Connection': 'keep-alive', 'Accept-Encoding': 'gzip, deflate', 'Authorization': 'OAuth oauth_nonce="164273946681246747381414457735", oauth_timestamp="1414457735", oauth_version="1.0", oauth_signature_method="HMAC-SHA1", oauth_consumer_key="mqQMfMBR3HFbm7tpTbAEW7m7e", oauth_token="290264105-IwgRVvawtMBGWoDOj24asoTnVEVjWjeFQvzKyDcb", oauth_signature="c1BacICis8yLDk5c0FsWLR82QAw%3D"', 'User-Agent': 'python-requests/2.4.3 CPython/2.7.3 Darwin/14.0.0'}
DEBUG:requests_oauthlib.oauth1_auth:Updated body: None
INFO:requests.packages.urllib3.connectionpool:Starting new HTTPS connection (1): api.twitter.com
DEBUG:requests.packages.urllib3.connectionpool:"GET /1.1/statuses/home_timeline.json HTTP/1.1" 200 9831
INFO:root:Creating Tweet Parser
DEBUG:root:Creating Post Parser for Chirpy
DEBUG:requests_oauthlib.oauth1_auth:Signing request <PreparedRequest [GET]> using client <Client nonce=None, signature_method=HMAC-SHA1, realm=None, encoding=utf-8, timestamp=None, resource_owner_secret=****, decoding=utf-8, verifier=None, signature_type=AUTH_HEADER, rsa_key=None, resource_owner_key=290264105-IwgRVvawtMBGWoDOj24asoTnVEVjWjeFQvzKyDcb, client_secret=****, callback_uri=None, client_key=mqQMfMBR3HFbm7tpTbAEW7m7e>
DEBUG:requests_oauthlib.oauth1_auth:Including body in call to sign: False
DEBUG:oauthlib:Collected params: [(u'oauth_nonce', u'66720533614530109611414457748'), (u'oauth_timestamp', u'1414457748'), (u'oauth_consumer_key', u'mqQMfMBR3HFbm7tpTbAEW7m7e'), (u'oauth_signature_method', u'HMAC-SHA1'), (u'oauth_version', u'1.0'), (u'oauth_token', u'290264105-IwgRVvawtMBGWoDOj24asoTnVEVjWjeFQvzKyDcb')]
DEBUG:oauthlib:Normalized params: oauth_consumer_key=mqQMfMBR3HFbm7tpTbAEW7m7e&oauth_nonce=66720533614530109611414457748&oauth_signature_method=HMAC-SHA1&oauth_timestamp=1414457748&oauth_token=290264105-IwgRVvawtMBGWoDOj24asoTnVEVjWjeFQvzKyDcb&oauth_version=1.0
DEBUG:oauthlib:Normalized URI: https://api.twitter.com/1.1/statuses/home_timeline.json
DEBUG:oauthlib:Base signing string: GET&https%3A%2F%2Fapi.twitter.com%2F1.1%2Fstatuses%2Fhome_timeline.json&oauth_consumer_key%3DmqQMfMBR3HFbm7tpTbAEW7m7e%26oauth_nonce%3D66720533614530109611414457748%26oauth_signature_method%3DHMAC-SHA1%26oauth_timestamp%3D1414457748%26oauth_token%3D290264105-IwgRVvawtMBGWoDOj24asoTnVEVjWjeFQvzKyDcb%26oauth_version%3D1.0
DEBUG:oauthlib:Signature: pmLZoUj62eccf7EVSekB0rn6Np8=
DEBUG:oauthlib:Encoding URI, headers and body to utf-8.
DEBUG:requests_oauthlib.oauth1_auth:Updated url: https://api.twitter.com/1.1/statuses/home_timeline.json
DEBUG:requests_oauthlib.oauth1_auth:Updated headers: {'Accept': '*/*', 'Connection': 'keep-alive', 'Accept-Encoding': 'gzip, deflate', 'Authorization': 'OAuth oauth_nonce="66720533614530109611414457748", oauth_timestamp="1414457748", oauth_version="1.0", oauth_signature_method="HMAC-SHA1", oauth_consumer_key="mqQMfMBR3HFbm7tpTbAEW7m7e", oauth_token="290264105-IwgRVvawtMBGWoDOj24asoTnVEVjWjeFQvzKyDcb", oauth_signature="pmLZoUj62eccf7EVSekB0rn6Np8%3D"', 'User-Agent': 'python-requests/2.4.3 CPython/2.7.3 Darwin/14.0.0'}
DEBUG:requests_oauthlib.oauth1_auth:Updated body: None
INFO:requests.packages.urllib3.connectionpool:Starting new HTTPS connection (1): api.twitter.com
DEBUG:requests.packages.urllib3.connectionpool:"GET /1.1/statuses/home_timeline.json HTTP/1.1" 200 9832
INFO:root:Creating Tweet Parser
DEBUG:root:Creating Post Parser for Chirpy
DEBUG:requests_oauthlib.oauth1_auth:Signing request <PreparedRequest [GET]> using client <Client nonce=None, signature_method=HMAC-SHA1, realm=None, encoding=utf-8, timestamp=None, resource_owner_secret=****, decoding=utf-8, verifier=None, signature_type=AUTH_HEADER, rsa_key=None, resource_owner_key=290264105-IwgRVvawtMBGWoDOj24asoTnVEVjWjeFQvzKyDcb, client_secret=****, callback_uri=None, client_key=mqQMfMBR3HFbm7tpTbAEW7m7e>
DEBUG:requests_oauthlib.oauth1_auth:Including body in call to sign: False
DEBUG:oauthlib:Collected params: [(u'oauth_nonce', u'48201182879024094631414457791'), (u'oauth_timestamp', u'1414457791'), (u'oauth_consumer_key', u'mqQMfMBR3HFbm7tpTbAEW7m7e'), (u'oauth_signature_method', u'HMAC-SHA1'), (u'oauth_version', u'1.0'), (u'oauth_token', u'290264105-IwgRVvawtMBGWoDOj24asoTnVEVjWjeFQvzKyDcb')]
DEBUG:oauthlib:Normalized params: oauth_consumer_key=mqQMfMBR3HFbm7tpTbAEW7m7e&oauth_nonce=48201182879024094631414457791&oauth_signature_method=HMAC-SHA1&oauth_timestamp=1414457791&oauth_token=290264105-IwgRVvawtMBGWoDOj24asoTnVEVjWjeFQvzKyDcb&oauth_version=1.0
DEBUG:oauthlib:Normalized URI: https://api.twitter.com/1.1/statuses/home_timeline.json
DEBUG:oauthlib:Base signing string: GET&https%3A%2F%2Fapi.twitter.com%2F1.1%2Fstatuses%2Fhome_timeline.json&oauth_consumer_key%3DmqQMfMBR3HFbm7tpTbAEW7m7e%26oauth_nonce%3D48201182879024094631414457791%26oauth_signature_method%3DHMAC-SHA1%26oauth_timestamp%3D1414457791%26oauth_token%3D290264105-IwgRVvawtMBGWoDOj24asoTnVEVjWjeFQvzKyDcb%26oauth_version%3D1.0
DEBUG:oauthlib:Signature: GZiuknbMR020f+RS3QBJKKcnrvc=
DEBUG:oauthlib:Encoding URI, headers and body to utf-8.
DEBUG:requests_oauthlib.oauth1_auth:Updated url: https://api.twitter.com/1.1/statuses/home_timeline.json
DEBUG:requests_oauthlib.oauth1_auth:Updated headers: {'Accept': '*/*', 'Connection': 'keep-alive', 'Accept-Encoding': 'gzip, deflate', 'Authorization': 'OAuth oauth_nonce="48201182879024094631414457791", oauth_timestamp="1414457791", oauth_version="1.0", oauth_signature_method="HMAC-SHA1", oauth_consumer_key="mqQMfMBR3HFbm7tpTbAEW7m7e", oauth_token="290264105-IwgRVvawtMBGWoDOj24asoTnVEVjWjeFQvzKyDcb", oauth_signature="GZiuknbMR020f%2BRS3QBJKKcnrvc%3D"', 'User-Agent': 'python-requests/2.4.3 CPython/2.7.3 Darwin/14.0.0'}
DEBUG:requests_oauthlib.oauth1_auth:Updated body: None
INFO:requests.packages.urllib3.connectionpool:Starting new HTTPS connection (1): api.twitter.com
DEBUG:requests.packages.urllib3.connectionpool:"GET /1.1/statuses/home_timeline.json HTTP/1.1" 200 9830
INFO:root:Creating Tweet Parser
DEBUG:root:Creating Post Parser for Chirpy
DEBUG:requests_oauthlib.oauth1_auth:Signing request <PreparedRequest [GET]> using client <Client nonce=None, signature_method=HMAC-SHA1, realm=None, encoding=utf-8, timestamp=None, resource_owner_secret=****, decoding=utf-8, verifier=None, signature_type=AUTH_HEADER, rsa_key=None, resource_owner_key=290264105-IwgRVvawtMBGWoDOj24asoTnVEVjWjeFQvzKyDcb, client_secret=****, callback_uri=None, client_key=mqQMfMBR3HFbm7tpTbAEW7m7e>
DEBUG:requests_oauthlib.oauth1_auth:Including body in call to sign: False
DEBUG:oauthlib:Collected params: [(u'oauth_nonce', u'22686558922305958281414457919'), (u'oauth_timestamp', u'1414457919'), (u'oauth_consumer_key', u'mqQMfMBR3HFbm7tpTbAEW7m7e'), (u'oauth_signature_method', u'HMAC-SHA1'), (u'oauth_version', u'1.0'), (u'oauth_token', u'290264105-IwgRVvawtMBGWoDOj24asoTnVEVjWjeFQvzKyDcb')]
DEBUG:oauthlib:Normalized params: oauth_consumer_key=mqQMfMBR3HFbm7tpTbAEW7m7e&oauth_nonce=22686558922305958281414457919&oauth_signature_method=HMAC-SHA1&oauth_timestamp=1414457919&oauth_token=290264105-IwgRVvawtMBGWoDOj24asoTnVEVjWjeFQvzKyDcb&oauth_version=1.0
DEBUG:oauthlib:Normalized URI: https://api.twitter.com/1.1/statuses/home_timeline.json
DEBUG:oauthlib:Base signing string: GET&https%3A%2F%2Fapi.twitter.com%2F1.1%2Fstatuses%2Fhome_timeline.json&oauth_consumer_key%3DmqQMfMBR3HFbm7tpTbAEW7m7e%26oauth_nonce%3D22686558922305958281414457919%26oauth_signature_method%3DHMAC-SHA1%26oauth_timestamp%3D1414457919%26oauth_token%3D290264105-IwgRVvawtMBGWoDOj24asoTnVEVjWjeFQvzKyDcb%26oauth_version%3D1.0
DEBUG:oauthlib:Signature: hO5LYqHKx9laBXtRvkpcmGzdAVU=
DEBUG:oauthlib:Encoding URI, headers and body to utf-8.
DEBUG:requests_oauthlib.oauth1_auth:Updated url: https://api.twitter.com/1.1/statuses/home_timeline.json
DEBUG:requests_oauthlib.oauth1_auth:Updated headers: {'Accept': '*/*', 'Connection': 'keep-alive', 'Accept-Encoding': 'gzip, deflate', 'Authorization': 'OAuth oauth_nonce="22686558922305958281414457919", oauth_timestamp="1414457919", oauth_version="1.0", oauth_signature_method="HMAC-SHA1", oauth_consumer_key="mqQMfMBR3HFbm7tpTbAEW7m7e", oauth_token="290264105-IwgRVvawtMBGWoDOj24asoTnVEVjWjeFQvzKyDcb", oauth_signature="hO5LYqHKx9laBXtRvkpcmGzdAVU%3D"', 'User-Agent': 'python-requests/2.4.3 CPython/2.7.3 Darwin/14.0.0'}
DEBUG:requests_oauthlib.oauth1_auth:Updated body: None
INFO:requests.packages.urllib3.connectionpool:Starting new HTTPS connection (1): api.twitter.com
DEBUG:requests.packages.urllib3.connectionpool:"GET /1.1/statuses/home_timeline.json HTTP/1.1" 200 9831
INFO:root:Creating Tweet Parser
DEBUG:root:Creating Post Parser for Chirpy
DEBUG:requests_oauthlib.oauth1_auth:Signing request <PreparedRequest [GET]> using client <Client nonce=None, signature_method=HMAC-SHA1, realm=None, encoding=utf-8, timestamp=None, resource_owner_secret=****, decoding=utf-8, verifier=None, signature_type=AUTH_HEADER, rsa_key=None, resource_owner_key=290264105-IwgRVvawtMBGWoDOj24asoTnVEVjWjeFQvzKyDcb, client_secret=****, callback_uri=None, client_key=mqQMfMBR3HFbm7tpTbAEW7m7e>
DEBUG:requests_oauthlib.oauth1_auth:Including body in call to sign: False
DEBUG:oauthlib:Collected params: [(u'oauth_nonce', u'91939132797240150701414458172'), (u'oauth_timestamp', u'1414458172'), (u'oauth_consumer_key', u'mqQMfMBR3HFbm7tpTbAEW7m7e'), (u'oauth_signature_method', u'HMAC-SHA1'), (u'oauth_version', u'1.0'), (u'oauth_token', u'290264105-IwgRVvawtMBGWoDOj24asoTnVEVjWjeFQvzKyDcb')]
DEBUG:oauthlib:Normalized params: oauth_consumer_key=mqQMfMBR3HFbm7tpTbAEW7m7e&oauth_nonce=91939132797240150701414458172&oauth_signature_method=HMAC-SHA1&oauth_timestamp=1414458172&oauth_token=290264105-IwgRVvawtMBGWoDOj24asoTnVEVjWjeFQvzKyDcb&oauth_version=1.0
DEBUG:oauthlib:Normalized URI: https://api.twitter.com/1.1/statuses/home_timeline.json
DEBUG:oauthlib:Base signing string: GET&https%3A%2F%2Fapi.twitter.com%2F1.1%2Fstatuses%2Fhome_timeline.json&oauth_consumer_key%3DmqQMfMBR3HFbm7tpTbAEW7m7e%26oauth_nonce%3D91939132797240150701414458172%26oauth_signature_method%3DHMAC-SHA1%26oauth_timestamp%3D1414458172%26oauth_token%3D290264105-IwgRVvawtMBGWoDOj24asoTnVEVjWjeFQvzKyDcb%26oauth_version%3D1.0
DEBUG:oauthlib:Signature: 77iEqAmmzQlSBwNco6dFamYMdzI=
DEBUG:oauthlib:Encoding URI, headers and body to utf-8.
DEBUG:requests_oauthlib.oauth1_auth:Updated url: https://api.twitter.com/1.1/statuses/home_timeline.json
DEBUG:requests_oauthlib.oauth1_auth:Updated headers: {'Accept': '*/*', 'Connection': 'keep-alive', 'Accept-Encoding': 'gzip, deflate', 'Authorization': 'OAuth oauth_nonce="91939132797240150701414458172", oauth_timestamp="1414458172", oauth_version="1.0", oauth_signature_method="HMAC-SHA1", oauth_consumer_key="mqQMfMBR3HFbm7tpTbAEW7m7e", oauth_token="290264105-IwgRVvawtMBGWoDOj24asoTnVEVjWjeFQvzKyDcb", oauth_signature="77iEqAmmzQlSBwNco6dFamYMdzI%3D"', 'User-Agent': 'python-requests/2.4.3 CPython/2.7.3 Darwin/14.0.0'}
DEBUG:requests_oauthlib.oauth1_auth:Updated body: None
INFO:requests.packages.urllib3.connectionpool:Starting new HTTPS connection (1): api.twitter.com
DEBUG:requests.packages.urllib3.connectionpool:"GET /1.1/statuses/home_timeline.json HTTP/1.1" 200 9931
INFO:root:Creating Tweet Parser
DEBUG:root:Creating Post Parser for Chirpy
DEBUG:requests_oauthlib.oauth1_auth:Signing request <PreparedRequest [GET]> using client <Client nonce=None, signature_method=HMAC-SHA1, realm=None, encoding=utf-8, timestamp=None, resource_owner_secret=****, decoding=utf-8, verifier=None, signature_type=AUTH_HEADER, rsa_key=None, resource_owner_key=290264105-IwgRVvawtMBGWoDOj24asoTnVEVjWjeFQvzKyDcb, client_secret=****, callback_uri=None, client_key=mqQMfMBR3HFbm7tpTbAEW7m7e>
DEBUG:requests_oauthlib.oauth1_auth:Including body in call to sign: False
DEBUG:oauthlib:Collected params: [(u'oauth_nonce', u'76154321594914549561414458225'), (u'oauth_timestamp', u'1414458225'), (u'oauth_consumer_key', u'mqQMfMBR3HFbm7tpTbAEW7m7e'), (u'oauth_signature_method', u'HMAC-SHA1'), (u'oauth_version', u'1.0'), (u'oauth_token', u'290264105-IwgRVvawtMBGWoDOj24asoTnVEVjWjeFQvzKyDcb')]
DEBUG:oauthlib:Normalized params: oauth_consumer_key=mqQMfMBR3HFbm7tpTbAEW7m7e&oauth_nonce=76154321594914549561414458225&oauth_signature_method=HMAC-SHA1&oauth_timestamp=1414458225&oauth_token=290264105-IwgRVvawtMBGWoDOj24asoTnVEVjWjeFQvzKyDcb&oauth_version=1.0
DEBUG:oauthlib:Normalized URI: https://api.twitter.com/1.1/statuses/home_timeline.json
DEBUG:oauthlib:Base signing string: GET&https%3A%2F%2Fapi.twitter.com%2F1.1%2Fstatuses%2Fhome_timeline.json&oauth_consumer_key%3DmqQMfMBR3HFbm7tpTbAEW7m7e%26oauth_nonce%3D76154321594914549561414458225%26oauth_signature_method%3DHMAC-SHA1%26oauth_timestamp%3D1414458225%26oauth_token%3D290264105-IwgRVvawtMBGWoDOj24asoTnVEVjWjeFQvzKyDcb%26oauth_version%3D1.0
DEBUG:oauthlib:Signature: dwikpmmB6WnxZbZDcMSZPeUydXU=
DEBUG:oauthlib:Encoding URI, headers and body to utf-8.
DEBUG:requests_oauthlib.oauth1_auth:Updated url: https://api.twitter.com/1.1/statuses/home_timeline.json
DEBUG:requests_oauthlib.oauth1_auth:Updated headers: {'Accept': '*/*', 'Connection': 'keep-alive', 'Accept-Encoding': 'gzip, deflate', 'Authorization': 'OAuth oauth_nonce="76154321594914549561414458225", oauth_timestamp="1414458225", oauth_version="1.0", oauth_signature_method="HMAC-SHA1", oauth_consumer_key="mqQMfMBR3HFbm7tpTbAEW7m7e", oauth_token="290264105-IwgRVvawtMBGWoDOj24asoTnVEVjWjeFQvzKyDcb", oauth_signature="dwikpmmB6WnxZbZDcMSZPeUydXU%3D"', 'User-Agent': 'python-requests/2.4.3 CPython/2.7.3 Darwin/14.0.0'}
DEBUG:requests_oauthlib.oauth1_auth:Updated body: None
INFO:requests.packages.urllib3.connectionpool:Starting new HTTPS connection (1): api.twitter.com
DEBUG:requests.packages.urllib3.connectionpool:"GET /1.1/statuses/home_timeline.json HTTP/1.1" 200 9930
INFO:root:Creating Tweet Parser
DEBUG:root:Creating Post Parser for Chirpy
DEBUG:requests_oauthlib.oauth1_auth:Signing request <PreparedRequest [GET]> using client <Client nonce=None, signature_method=HMAC-SHA1, realm=None, encoding=utf-8, timestamp=None, resource_owner_secret=****, decoding=utf-8, verifier=None, signature_type=AUTH_HEADER, rsa_key=None, resource_owner_key=290264105-IwgRVvawtMBGWoDOj24asoTnVEVjWjeFQvzKyDcb, client_secret=****, callback_uri=None, client_key=mqQMfMBR3HFbm7tpTbAEW7m7e>
DEBUG:requests_oauthlib.oauth1_auth:Including body in call to sign: False
DEBUG:oauthlib:Collected params: [(u'oauth_nonce', u'163260147654031562851414458263'), (u'oauth_timestamp', u'1414458263'), (u'oauth_consumer_key', u'mqQMfMBR3HFbm7tpTbAEW7m7e'), (u'oauth_signature_method', u'HMAC-SHA1'), (u'oauth_version', u'1.0'), (u'oauth_token', u'290264105-IwgRVvawtMBGWoDOj24asoTnVEVjWjeFQvzKyDcb')]
DEBUG:oauthlib:Normalized params: oauth_consumer_key=mqQMfMBR3HFbm7tpTbAEW7m7e&oauth_nonce=163260147654031562851414458263&oauth_signature_method=HMAC-SHA1&oauth_timestamp=1414458263&oauth_token=290264105-IwgRVvawtMBGWoDOj24asoTnVEVjWjeFQvzKyDcb&oauth_version=1.0
DEBUG:oauthlib:Normalized URI: https://api.twitter.com/1.1/statuses/home_timeline.json
DEBUG:oauthlib:Base signing string: GET&https%3A%2F%2Fapi.twitter.com%2F1.1%2Fstatuses%2Fhome_timeline.json&oauth_consumer_key%3DmqQMfMBR3HFbm7tpTbAEW7m7e%26oauth_nonce%3D163260147654031562851414458263%26oauth_signature_method%3DHMAC-SHA1%26oauth_timestamp%3D1414458263%26oauth_token%3D290264105-IwgRVvawtMBGWoDOj24asoTnVEVjWjeFQvzKyDcb%26oauth_version%3D1.0
DEBUG:oauthlib:Signature: /05bvNmEcx4lZ/JcfXLsdrdO+A4=
DEBUG:oauthlib:Encoding URI, headers and body to utf-8.
DEBUG:requests_oauthlib.oauth1_auth:Updated url: https://api.twitter.com/1.1/statuses/home_timeline.json
DEBUG:requests_oauthlib.oauth1_auth:Updated headers: {'Accept': '*/*', 'Connection': 'keep-alive', 'Accept-Encoding': 'gzip, deflate', 'Authorization': 'OAuth oauth_nonce="163260147654031562851414458263", oauth_timestamp="1414458263", oauth_version="1.0", oauth_signature_method="HMAC-SHA1", oauth_consumer_key="mqQMfMBR3HFbm7tpTbAEW7m7e", oauth_token="290264105-IwgRVvawtMBGWoDOj24asoTnVEVjWjeFQvzKyDcb", oauth_signature="%2F05bvNmEcx4lZ%2FJcfXLsdrdO%2BA4%3D"', 'User-Agent': 'python-requests/2.4.3 CPython/2.7.3 Darwin/14.0.0'}
DEBUG:requests_oauthlib.oauth1_auth:Updated body: None
INFO:requests.packages.urllib3.connectionpool:Starting new HTTPS connection (1): api.twitter.com
DEBUG:requests.packages.urllib3.connectionpool:"GET /1.1/statuses/home_timeline.json HTTP/1.1" 200 9930
INFO:root:Creating Tweet Parser
DEBUG:root:Creating Post Parser for Chirpy
DEBUG:requests_oauthlib.oauth1_auth:Signing request <PreparedRequest [GET]> using client <Client nonce=None, signature_method=HMAC-SHA1, realm=None, encoding=utf-8, timestamp=None, resource_owner_secret=****, decoding=utf-8, verifier=None, signature_type=AUTH_HEADER, rsa_key=None, resource_owner_key=290264105-IwgRVvawtMBGWoDOj24asoTnVEVjWjeFQvzKyDcb, client_secret=****, callback_uri=None, client_key=mqQMfMBR3HFbm7tpTbAEW7m7e>
DEBUG:requests_oauthlib.oauth1_auth:Including body in call to sign: False
DEBUG:oauthlib:Collected params: [(u'oauth_nonce', u'144403298100518410191414458305'), (u'oauth_timestamp', u'1414458305'), (u'oauth_consumer_key', u'mqQMfMBR3HFbm7tpTbAEW7m7e'), (u'oauth_signature_method', u'HMAC-SHA1'), (u'oauth_version', u'1.0'), (u'oauth_token', u'290264105-IwgRVvawtMBGWoDOj24asoTnVEVjWjeFQvzKyDcb')]
DEBUG:oauthlib:Normalized params: oauth_consumer_key=mqQMfMBR3HFbm7tpTbAEW7m7e&oauth_nonce=144403298100518410191414458305&oauth_signature_method=HMAC-SHA1&oauth_timestamp=1414458305&oauth_token=290264105-IwgRVvawtMBGWoDOj24asoTnVEVjWjeFQvzKyDcb&oauth_version=1.0
DEBUG:oauthlib:Normalized URI: https://api.twitter.com/1.1/statuses/home_timeline.json
DEBUG:oauthlib:Base signing string: GET&https%3A%2F%2Fapi.twitter.com%2F1.1%2Fstatuses%2Fhome_timeline.json&oauth_consumer_key%3DmqQMfMBR3HFbm7tpTbAEW7m7e%26oauth_nonce%3D144403298100518410191414458305%26oauth_signature_method%3DHMAC-SHA1%26oauth_timestamp%3D1414458305%26oauth_token%3D290264105-IwgRVvawtMBGWoDOj24asoTnVEVjWjeFQvzKyDcb%26oauth_version%3D1.0
DEBUG:oauthlib:Signature: zI8mhs2jP+P+xXa/3/Fd3zsQEXs=
DEBUG:oauthlib:Encoding URI, headers and body to utf-8.
DEBUG:requests_oauthlib.oauth1_auth:Updated url: https://api.twitter.com/1.1/statuses/home_timeline.json
DEBUG:requests_oauthlib.oauth1_auth:Updated headers: {'Accept': '*/*', 'Connection': 'keep-alive', 'Accept-Encoding': 'gzip, deflate', 'Authorization': 'OAuth oauth_nonce="144403298100518410191414458305", oauth_timestamp="1414458305", oauth_version="1.0", oauth_signature_method="HMAC-SHA1", oauth_consumer_key="mqQMfMBR3HFbm7tpTbAEW7m7e", oauth_token="290264105-IwgRVvawtMBGWoDOj24asoTnVEVjWjeFQvzKyDcb", oauth_signature="zI8mhs2jP%2BP%2BxXa%2F3%2FFd3zsQEXs%3D"', 'User-Agent': 'python-requests/2.4.3 CPython/2.7.3 Darwin/14.0.0'}
DEBUG:requests_oauthlib.oauth1_auth:Updated body: None
INFO:requests.packages.urllib3.connectionpool:Starting new HTTPS connection (1): api.twitter.com
DEBUG:requests.packages.urllib3.connectionpool:"GET /1.1/statuses/home_timeline.json HTTP/1.1" 200 9937
INFO:root:Creating Tweet Parser
DEBUG:root:Creating Post Parser for Chirpy
DEBUG:requests_oauthlib.oauth1_auth:Signing request <PreparedRequest [GET]> using client <Client nonce=None, signature_method=HMAC-SHA1, realm=None, encoding=utf-8, timestamp=None, resource_owner_secret=****, decoding=utf-8, verifier=None, signature_type=AUTH_HEADER, rsa_key=None, resource_owner_key=290264105-IwgRVvawtMBGWoDOj24asoTnVEVjWjeFQvzKyDcb, client_secret=****, callback_uri=None, client_key=mqQMfMBR3HFbm7tpTbAEW7m7e>
DEBUG:requests_oauthlib.oauth1_auth:Including body in call to sign: False
DEBUG:oauthlib:Collected params: [(u'oauth_nonce', u'159542583591023387091414460500'), (u'oauth_timestamp', u'1414460500'), (u'oauth_consumer_key', u'mqQMfMBR3HFbm7tpTbAEW7m7e'), (u'oauth_signature_method', u'HMAC-SHA1'), (u'oauth_version', u'1.0'), (u'oauth_token', u'290264105-IwgRVvawtMBGWoDOj24asoTnVEVjWjeFQvzKyDcb')]
DEBUG:oauthlib:Normalized params: oauth_consumer_key=mqQMfMBR3HFbm7tpTbAEW7m7e&oauth_nonce=159542583591023387091414460500&oauth_signature_method=HMAC-SHA1&oauth_timestamp=1414460500&oauth_token=290264105-IwgRVvawtMBGWoDOj24asoTnVEVjWjeFQvzKyDcb&oauth_version=1.0
DEBUG:oauthlib:Normalized URI: https://api.twitter.com/1.1/statuses/home_timeline.json
DEBUG:oauthlib:Base signing string: GET&https%3A%2F%2Fapi.twitter.com%2F1.1%2Fstatuses%2Fhome_timeline.json&oauth_consumer_key%3DmqQMfMBR3HFbm7tpTbAEW7m7e%26oauth_nonce%3D159542583591023387091414460500%26oauth_signature_method%3DHMAC-SHA1%26oauth_timestamp%3D1414460500%26oauth_token%3D290264105-IwgRVvawtMBGWoDOj24asoTnVEVjWjeFQvzKyDcb%26oauth_version%3D1.0
DEBUG:oauthlib:Signature: RxBUjUCIwSo8yGwG/hFFiWS9/Ho=
DEBUG:oauthlib:Encoding URI, headers and body to utf-8.
DEBUG:requests_oauthlib.oauth1_auth:Updated url: https://api.twitter.com/1.1/statuses/home_timeline.json
DEBUG:requests_oauthlib.oauth1_auth:Updated headers: {'Accept': '*/*', 'Connection': 'keep-alive', 'Accept-Encoding': 'gzip, deflate', 'Authorization': 'OAuth oauth_nonce="159542583591023387091414460500", oauth_timestamp="1414460500", oauth_version="1.0", oauth_signature_method="HMAC-SHA1", oauth_consumer_key="mqQMfMBR3HFbm7tpTbAEW7m7e", oauth_token="290264105-IwgRVvawtMBGWoDOj24asoTnVEVjWjeFQvzKyDcb", oauth_signature="RxBUjUCIwSo8yGwG%2FhFFiWS9%2FHo%3D"', 'User-Agent': 'python-requests/2.4.3 CPython/2.7.3 Darwin/14.0.0'}
DEBUG:requests_oauthlib.oauth1_auth:Updated body: None
INFO:requests.packages.urllib3.connectionpool:Starting new HTTPS connection (1): api.twitter.com
DEBUG:requests.packages.urllib3.connectionpool:"GET /1.1/statuses/home_timeline.json HTTP/1.1" 200 10697
INFO:root:Creating Tweet Parser
DEBUG:root:Creating Post Parser for Chirpy
DEBUG:requests_oauthlib.oauth1_auth:Signing request <PreparedRequest [GET]> using client <Client nonce=None, signature_method=HMAC-SHA1, realm=None, encoding=utf-8, timestamp=None, resource_owner_secret=****, decoding=utf-8, verifier=None, signature_type=AUTH_HEADER, rsa_key=None, resource_owner_key=290264105-IwgRVvawtMBGWoDOj24asoTnVEVjWjeFQvzKyDcb, client_secret=****, callback_uri=None, client_key=mqQMfMBR3HFbm7tpTbAEW7m7e>
DEBUG:requests_oauthlib.oauth1_auth:Including body in call to sign: False
DEBUG:oauthlib:Collected params: [(u'oauth_nonce', u'12030076679018398891414460781'), (u'oauth_timestamp', u'1414460781'), (u'oauth_consumer_key', u'mqQMfMBR3HFbm7tpTbAEW7m7e'), (u'oauth_signature_method', u'HMAC-SHA1'), (u'oauth_version', u'1.0'), (u'oauth_token', u'290264105-IwgRVvawtMBGWoDOj24asoTnVEVjWjeFQvzKyDcb')]
DEBUG:oauthlib:Normalized params: oauth_consumer_key=mqQMfMBR3HFbm7tpTbAEW7m7e&oauth_nonce=12030076679018398891414460781&oauth_signature_method=HMAC-SHA1&oauth_timestamp=1414460781&oauth_token=290264105-IwgRVvawtMBGWoDOj24asoTnVEVjWjeFQvzKyDcb&oauth_version=1.0
DEBUG:oauthlib:Normalized URI: https://api.twitter.com/1.1/statuses/home_timeline.json
DEBUG:oauthlib:Base signing string: GET&https%3A%2F%2Fapi.twitter.com%2F1.1%2Fstatuses%2Fhome_timeline.json&oauth_consumer_key%3DmqQMfMBR3HFbm7tpTbAEW7m7e%26oauth_nonce%3D12030076679018398891414460781%26oauth_signature_method%3DHMAC-SHA1%26oauth_timestamp%3D1414460781%26oauth_token%3D290264105-IwgRVvawtMBGWoDOj24asoTnVEVjWjeFQvzKyDcb%26oauth_version%3D1.0
DEBUG:oauthlib:Signature: dwHbXsd5SvcxAwRoVzY7pZwKVbU=
DEBUG:oauthlib:Encoding URI, headers and body to utf-8.
DEBUG:requests_oauthlib.oauth1_auth:Updated url: https://api.twitter.com/1.1/statuses/home_timeline.json
DEBUG:requests_oauthlib.oauth1_auth:Updated headers: {'Accept': '*/*', 'Connection': 'keep-alive', 'Accept-Encoding': 'gzip, deflate', 'Authorization': 'OAuth oauth_nonce="12030076679018398891414460781", oauth_timestamp="1414460781", oauth_version="1.0", oauth_signature_method="HMAC-SHA1", oauth_consumer_key="mqQMfMBR3HFbm7tpTbAEW7m7e", oauth_token="290264105-IwgRVvawtMBGWoDOj24asoTnVEVjWjeFQvzKyDcb", oauth_signature="dwHbXsd5SvcxAwRoVzY7pZwKVbU%3D"', 'User-Agent': 'python-requests/2.4.3 CPython/2.7.3 Darwin/14.0.0'}
DEBUG:requests_oauthlib.oauth1_auth:Updated body: None
INFO:requests.packages.urllib3.connectionpool:Starting new HTTPS connection (1): api.twitter.com
DEBUG:requests.packages.urllib3.connectionpool:"GET /1.1/statuses/home_timeline.json HTTP/1.1" 200 10503
INFO:root:Creating Tweet Parser
DEBUG:root:Creating Post Parser for Chirpy
DEBUG:requests_oauthlib.oauth1_auth:Signing request <PreparedRequest [GET]> using client <Client nonce=None, signature_method=HMAC-SHA1, realm=None, encoding=utf-8, timestamp=None, resource_owner_secret=****, decoding=utf-8, verifier=None, signature_type=AUTH_HEADER, rsa_key=None, resource_owner_key=290264105-IwgRVvawtMBGWoDOj24asoTnVEVjWjeFQvzKyDcb, client_secret=****, callback_uri=None, client_key=mqQMfMBR3HFbm7tpTbAEW7m7e>
DEBUG:requests_oauthlib.oauth1_auth:Including body in call to sign: False
DEBUG:oauthlib:Collected params: [(u'oauth_nonce', u'7339960043519288721414460787'), (u'oauth_timestamp', u'1414460787'), (u'oauth_consumer_key', u'mqQMfMBR3HFbm7tpTbAEW7m7e'), (u'oauth_signature_method', u'HMAC-SHA1'), (u'oauth_version', u'1.0'), (u'oauth_token', u'290264105-IwgRVvawtMBGWoDOj24asoTnVEVjWjeFQvzKyDcb')]
DEBUG:oauthlib:Normalized params: oauth_consumer_key=mqQMfMBR3HFbm7tpTbAEW7m7e&oauth_nonce=7339960043519288721414460787&oauth_signature_method=HMAC-SHA1&oauth_timestamp=1414460787&oauth_token=290264105-IwgRVvawtMBGWoDOj24asoTnVEVjWjeFQvzKyDcb&oauth_version=1.0
DEBUG:oauthlib:Normalized URI: https://api.twitter.com/1.1/statuses/home_timeline.json
DEBUG:oauthlib:Base signing string: GET&https%3A%2F%2Fapi.twitter.com%2F1.1%2Fstatuses%2Fhome_timeline.json&oauth_consumer_key%3DmqQMfMBR3HFbm7tpTbAEW7m7e%26oauth_nonce%3D7339960043519288721414460787%26oauth_signature_method%3DHMAC-SHA1%26oauth_timestamp%3D1414460787%26oauth_token%3D290264105-IwgRVvawtMBGWoDOj24asoTnVEVjWjeFQvzKyDcb%26oauth_version%3D1.0
DEBUG:oauthlib:Signature: bmuNf0hKAsvJ4/arLejSbDcrdKA=
DEBUG:oauthlib:Encoding URI, headers and body to utf-8.
DEBUG:requests_oauthlib.oauth1_auth:Updated url: https://api.twitter.com/1.1/statuses/home_timeline.json
DEBUG:requests_oauthlib.oauth1_auth:Updated headers: {'Accept': '*/*', 'Connection': 'keep-alive', 'Accept-Encoding': 'gzip, deflate', 'Authorization': 'OAuth oauth_nonce="7339960043519288721414460787", oauth_timestamp="1414460787", oauth_version="1.0", oauth_signature_method="HMAC-SHA1", oauth_consumer_key="mqQMfMBR3HFbm7tpTbAEW7m7e", oauth_token="290264105-IwgRVvawtMBGWoDOj24asoTnVEVjWjeFQvzKyDcb", oauth_signature="bmuNf0hKAsvJ4%2FarLejSbDcrdKA%3D"', 'User-Agent': 'python-requests/2.4.3 CPython/2.7.3 Darwin/14.0.0'}
DEBUG:requests_oauthlib.oauth1_auth:Updated body: None
INFO:requests.packages.urllib3.connectionpool:Starting new HTTPS connection (1): api.twitter.com
DEBUG:requests.packages.urllib3.connectionpool:"GET /1.1/statuses/home_timeline.json HTTP/1.1" 200 10503
INFO:root:Creating Tweet Parser
DEBUG:root:Creating Post Parser for Chirpy
DEBUG:requests_oauthlib.oauth1_auth:Signing request <PreparedRequest [GET]> using client <Client nonce=None, signature_method=HMAC-SHA1, realm=None, encoding=utf-8, timestamp=None, resource_owner_secret=****, decoding=utf-8, verifier=None, signature_type=AUTH_HEADER, rsa_key=None, resource_owner_key=290264105-IwgRVvawtMBGWoDOj24asoTnVEVjWjeFQvzKyDcb, client_secret=****, callback_uri=None, client_key=mqQMfMBR3HFbm7tpTbAEW7m7e>
DEBUG:requests_oauthlib.oauth1_auth:Including body in call to sign: False
DEBUG:oauthlib:Collected params: [(u'oauth_nonce', u'141906570447537351331414460792'), (u'oauth_timestamp', u'1414460792'), (u'oauth_consumer_key', u'mqQMfMBR3HFbm7tpTbAEW7m7e'), (u'oauth_signature_method', u'HMAC-SHA1'), (u'oauth_version', u'1.0'), (u'oauth_token', u'290264105-IwgRVvawtMBGWoDOj24asoTnVEVjWjeFQvzKyDcb')]
DEBUG:oauthlib:Normalized params: oauth_consumer_key=mqQMfMBR3HFbm7tpTbAEW7m7e&oauth_nonce=141906570447537351331414460792&oauth_signature_method=HMAC-SHA1&oauth_timestamp=1414460792&oauth_token=290264105-IwgRVvawtMBGWoDOj24asoTnVEVjWjeFQvzKyDcb&oauth_version=1.0
DEBUG:oauthlib:Normalized URI: https://api.twitter.com/1.1/statuses/home_timeline.json
DEBUG:oauthlib:Base signing string: GET&https%3A%2F%2Fapi.twitter.com%2F1.1%2Fstatuses%2Fhome_timeline.json&oauth_consumer_key%3DmqQMfMBR3HFbm7tpTbAEW7m7e%26oauth_nonce%3D141906570447537351331414460792%26oauth_signature_method%3DHMAC-SHA1%26oauth_timestamp%3D1414460792%26oauth_token%3D290264105-IwgRVvawtMBGWoDOj24asoTnVEVjWjeFQvzKyDcb%26oauth_version%3D1.0
DEBUG:oauthlib:Signature: 5f6vw1AlbG22Y6FS58weHrrB2rg=
DEBUG:oauthlib:Encoding URI, headers and body to utf-8.
DEBUG:requests_oauthlib.oauth1_auth:Updated url: https://api.twitter.com/1.1/statuses/home_timeline.json
DEBUG:requests_oauthlib.oauth1_auth:Updated headers: {'Accept': '*/*', 'Connection': 'keep-alive', 'Accept-Encoding': 'gzip, deflate', 'Authorization': 'OAuth oauth_nonce="141906570447537351331414460792", oauth_timestamp="1414460792", oauth_version="1.0", oauth_signature_method="HMAC-SHA1", oauth_consumer_key="mqQMfMBR3HFbm7tpTbAEW7m7e", oauth_token="290264105-IwgRVvawtMBGWoDOj24asoTnVEVjWjeFQvzKyDcb", oauth_signature="5f6vw1AlbG22Y6FS58weHrrB2rg%3D"', 'User-Agent': 'python-requests/2.4.3 CPython/2.7.3 Darwin/14.0.0'}
DEBUG:requests_oauthlib.oauth1_auth:Updated body: None
INFO:requests.packages.urllib3.connectionpool:Starting new HTTPS connection (1): api.twitter.com
DEBUG:requests.packages.urllib3.connectionpool:"GET /1.1/statuses/home_timeline.json HTTP/1.1" 200 10503
INFO:root:Creating Tweet Parser
DEBUG:root:Creating Post Parser for Chirpy
DEBUG:requests_oauthlib.oauth1_auth:Signing request <PreparedRequest [GET]> using client <Client nonce=None, signature_method=HMAC-SHA1, realm=None, encoding=utf-8, timestamp=None, resource_owner_secret=****, decoding=utf-8, verifier=None, signature_type=AUTH_HEADER, rsa_key=None, resource_owner_key=290264105-IwgRVvawtMBGWoDOj24asoTnVEVjWjeFQvzKyDcb, client_secret=****, callback_uri=None, client_key=mqQMfMBR3HFbm7tpTbAEW7m7e>
DEBUG:requests_oauthlib.oauth1_auth:Including body in call to sign: False
DEBUG:oauthlib:Collected params: [(u'oauth_nonce', u'111476775276760071431414466208'), (u'oauth_timestamp', u'1414466208'), (u'oauth_consumer_key', u'mqQMfMBR3HFbm7tpTbAEW7m7e'), (u'oauth_signature_method', u'HMAC-SHA1'), (u'oauth_version', u'1.0'), (u'oauth_token', u'290264105-IwgRVvawtMBGWoDOj24asoTnVEVjWjeFQvzKyDcb')]
DEBUG:oauthlib:Normalized params: oauth_consumer_key=mqQMfMBR3HFbm7tpTbAEW7m7e&oauth_nonce=111476775276760071431414466208&oauth_signature_method=HMAC-SHA1&oauth_timestamp=1414466208&oauth_token=290264105-IwgRVvawtMBGWoDOj24asoTnVEVjWjeFQvzKyDcb&oauth_version=1.0
DEBUG:oauthlib:Normalized URI: https://api.twitter.com/1.1/statuses/home_timeline.json
DEBUG:oauthlib:Base signing string: GET&https%3A%2F%2Fapi.twitter.com%2F1.1%2Fstatuses%2Fhome_timeline.json&oauth_consumer_key%3DmqQMfMBR3HFbm7tpTbAEW7m7e%26oauth_nonce%3D111476775276760071431414466208%26oauth_signature_method%3DHMAC-SHA1%26oauth_timestamp%3D1414466208%26oauth_token%3D290264105-IwgRVvawtMBGWoDOj24asoTnVEVjWjeFQvzKyDcb%26oauth_version%3D1.0
DEBUG:oauthlib:Signature: 4fd+U50ffn5Xnl1qtADJ0yQw+2k=
DEBUG:oauthlib:Encoding URI, headers and body to utf-8.
DEBUG:requests_oauthlib.oauth1_auth:Updated url: https://api.twitter.com/1.1/statuses/home_timeline.json
DEBUG:requests_oauthlib.oauth1_auth:Updated headers: {'Accept': '*/*', 'Connection': 'keep-alive', 'Accept-Encoding': 'gzip, deflate', 'Authorization': 'OAuth oauth_nonce="111476775276760071431414466208", oauth_timestamp="1414466208", oauth_version="1.0", oauth_signature_method="HMAC-SHA1", oauth_consumer_key="mqQMfMBR3HFbm7tpTbAEW7m7e", oauth_token="290264105-IwgRVvawtMBGWoDOj24asoTnVEVjWjeFQvzKyDcb", oauth_signature="4fd%2BU50ffn5Xnl1qtADJ0yQw%2B2k%3D"', 'User-Agent': 'python-requests/2.4.3 CPython/2.7.3 Darwin/14.0.0'}
DEBUG:requests_oauthlib.oauth1_auth:Updated body: None
INFO:requests.packages.urllib3.connectionpool:Starting new HTTPS connection (1): api.twitter.com
DEBUG:requests.packages.urllib3.connectionpool:"GET /1.1/statuses/home_timeline.json HTTP/1.1" 200 10312
INFO:root:Creating Tweet Parser
DEBUG:root:Creating Post Parser for Chirpy
DEBUG:requests_oauthlib.oauth1_auth:Signing request <PreparedRequest [GET]> using client <Client nonce=None, signature_method=HMAC-SHA1, realm=None, encoding=utf-8, timestamp=None, resource_owner_secret=****, decoding=utf-8, verifier=None, signature_type=AUTH_HEADER, rsa_key=None, resource_owner_key=290264105-IwgRVvawtMBGWoDOj24asoTnVEVjWjeFQvzKyDcb, client_secret=****, callback_uri=None, client_key=mqQMfMBR3HFbm7tpTbAEW7m7e>
DEBUG:requests_oauthlib.oauth1_auth:Including body in call to sign: False
DEBUG:oauthlib:Collected params: [(u'oauth_nonce', u'59582923334819441641414466215'), (u'oauth_timestamp', u'1414466215'), (u'oauth_consumer_key', u'mqQMfMBR3HFbm7tpTbAEW7m7e'), (u'oauth_signature_method', u'HMAC-SHA1'), (u'oauth_version', u'1.0'), (u'oauth_token', u'290264105-IwgRVvawtMBGWoDOj24asoTnVEVjWjeFQvzKyDcb')]
DEBUG:oauthlib:Normalized params: oauth_consumer_key=mqQMfMBR3HFbm7tpTbAEW7m7e&oauth_nonce=59582923334819441641414466215&oauth_signature_method=HMAC-SHA1&oauth_timestamp=1414466215&oauth_token=290264105-IwgRVvawtMBGWoDOj24asoTnVEVjWjeFQvzKyDcb&oauth_version=1.0
DEBUG:oauthlib:Normalized URI: https://api.twitter.com/1.1/statuses/home_timeline.json
DEBUG:oauthlib:Base signing string: GET&https%3A%2F%2Fapi.twitter.com%2F1.1%2Fstatuses%2Fhome_timeline.json&oauth_consumer_key%3DmqQMfMBR3HFbm7tpTbAEW7m7e%26oauth_nonce%3D59582923334819441641414466215%26oauth_signature_method%3DHMAC-SHA1%26oauth_timestamp%3D1414466215%26oauth_token%3D290264105-IwgRVvawtMBGWoDOj24asoTnVEVjWjeFQvzKyDcb%26oauth_version%3D1.0
DEBUG:oauthlib:Signature: VT2lJs4h56SZHZj40WG8ZMe70Hw=
DEBUG:oauthlib:Encoding URI, headers and body to utf-8.
DEBUG:requests_oauthlib.oauth1_auth:Updated url: https://api.twitter.com/1.1/statuses/home_timeline.json
DEBUG:requests_oauthlib.oauth1_auth:Updated headers: {'Accept': '*/*', 'Connection': 'keep-alive', 'Accept-Encoding': 'gzip, deflate', 'Authorization': 'OAuth oauth_nonce="59582923334819441641414466215", oauth_timestamp="1414466215", oauth_version="1.0", oauth_signature_method="HMAC-SHA1", oauth_consumer_key="mqQMfMBR3HFbm7tpTbAEW7m7e", oauth_token="290264105-IwgRVvawtMBGWoDOj24asoTnVEVjWjeFQvzKyDcb", oauth_signature="VT2lJs4h56SZHZj40WG8ZMe70Hw%3D"', 'User-Agent': 'python-requests/2.4.3 CPython/2.7.3 Darwin/14.0.0'}
DEBUG:requests_oauthlib.oauth1_auth:Updated body: None
INFO:requests.packages.urllib3.connectionpool:Starting new HTTPS connection (1): api.twitter.com
DEBUG:requests.packages.urllib3.connectionpool:"GET /1.1/statuses/home_timeline.json HTTP/1.1" 200 10312
INFO:root:Creating Tweet Parser
DEBUG:root:Creating Post Parser for Chirpy
DEBUG:requests_oauthlib.oauth1_auth:Signing request <PreparedRequest [GET]> using client <Client nonce=None, signature_method=HMAC-SHA1, realm=None, encoding=utf-8, timestamp=None, resource_owner_secret=****, decoding=utf-8, verifier=None, signature_type=AUTH_HEADER, rsa_key=None, resource_owner_key=290264105-IwgRVvawtMBGWoDOj24asoTnVEVjWjeFQvzKyDcb, client_secret=****, callback_uri=None, client_key=mqQMfMBR3HFbm7tpTbAEW7m7e>
DEBUG:requests_oauthlib.oauth1_auth:Including body in call to sign: False
DEBUG:oauthlib:Collected params: [(u'oauth_nonce', u'150489212331166785731414466223'), (u'oauth_timestamp', u'1414466223'), (u'oauth_consumer_key', u'mqQMfMBR3HFbm7tpTbAEW7m7e'), (u'oauth_signature_method', u'HMAC-SHA1'), (u'oauth_version', u'1.0'), (u'oauth_token', u'290264105-IwgRVvawtMBGWoDOj24asoTnVEVjWjeFQvzKyDcb')]
DEBUG:oauthlib:Normalized params: oauth_consumer_key=mqQMfMBR3HFbm7tpTbAEW7m7e&oauth_nonce=150489212331166785731414466223&oauth_signature_method=HMAC-SHA1&oauth_timestamp=1414466223&oauth_token=290264105-IwgRVvawtMBGWoDOj24asoTnVEVjWjeFQvzKyDcb&oauth_version=1.0
DEBUG:oauthlib:Normalized URI: https://api.twitter.com/1.1/statuses/home_timeline.json
DEBUG:oauthlib:Base signing string: GET&https%3A%2F%2Fapi.twitter.com%2F1.1%2Fstatuses%2Fhome_timeline.json&oauth_consumer_key%3DmqQMfMBR3HFbm7tpTbAEW7m7e%26oauth_nonce%3D150489212331166785731414466223%26oauth_signature_method%3DHMAC-SHA1%26oauth_timestamp%3D1414466223%26oauth_token%3D290264105-IwgRVvawtMBGWoDOj24asoTnVEVjWjeFQvzKyDcb%26oauth_version%3D1.0
DEBUG:oauthlib:Signature: tVsjfrJiP2QIaCcKNu/NXI1y+34=
DEBUG:oauthlib:Encoding URI, headers and body to utf-8.
DEBUG:requests_oauthlib.oauth1_auth:Updated url: https://api.twitter.com/1.1/statuses/home_timeline.json
DEBUG:requests_oauthlib.oauth1_auth:Updated headers: {'Accept': '*/*', 'Connection': 'keep-alive', 'Accept-Encoding': 'gzip, deflate', 'Authorization': 'OAuth oauth_nonce="150489212331166785731414466223", oauth_timestamp="1414466223", oauth_version="1.0", oauth_signature_method="HMAC-SHA1", oauth_consumer_key="mqQMfMBR3HFbm7tpTbAEW7m7e", oauth_token="290264105-IwgRVvawtMBGWoDOj24asoTnVEVjWjeFQvzKyDcb", oauth_signature="tVsjfrJiP2QIaCcKNu%2FNXI1y%2B34%3D"', 'User-Agent': 'python-requests/2.4.3 CPython/2.7.3 Darwin/14.0.0'}
DEBUG:requests_oauthlib.oauth1_auth:Updated body: None
INFO:requests.packages.urllib3.connectionpool:Starting new HTTPS connection (1): api.twitter.com
DEBUG:requests.packages.urllib3.connectionpool:"GET /1.1/statuses/home_timeline.json HTTP/1.1" 200 10311
INFO:root:Creating Tweet Parser
DEBUG:root:Creating Post Parser for Chirpy
DEBUG:requests_oauthlib.oauth1_auth:Signing request <PreparedRequest [GET]> using client <Client nonce=None, signature_method=HMAC-SHA1, realm=None, encoding=utf-8, timestamp=None, resource_owner_secret=****, decoding=utf-8, verifier=None, signature_type=AUTH_HEADER, rsa_key=None, resource_owner_key=290264105-IwgRVvawtMBGWoDOj24asoTnVEVjWjeFQvzKyDcb, client_secret=****, callback_uri=None, client_key=mqQMfMBR3HFbm7tpTbAEW7m7e>
DEBUG:requests_oauthlib.oauth1_auth:Including body in call to sign: False
DEBUG:oauthlib:Collected params: [(u'oauth_nonce', u'29917050504655434911414466262'), (u'oauth_timestamp', u'1414466262'), (u'oauth_consumer_key', u'mqQMfMBR3HFbm7tpTbAEW7m7e'), (u'oauth_signature_method', u'HMAC-SHA1'), (u'oauth_version', u'1.0'), (u'oauth_token', u'290264105-IwgRVvawtMBGWoDOj24asoTnVEVjWjeFQvzKyDcb')]
DEBUG:oauthlib:Normalized params: oauth_consumer_key=mqQMfMBR3HFbm7tpTbAEW7m7e&oauth_nonce=29917050504655434911414466262&oauth_signature_method=HMAC-SHA1&oauth_timestamp=1414466262&oauth_token=290264105-IwgRVvawtMBGWoDOj24asoTnVEVjWjeFQvzKyDcb&oauth_version=1.0
DEBUG:oauthlib:Normalized URI: https://api.twitter.com/1.1/statuses/home_timeline.json
DEBUG:oauthlib:Base signing string: GET&https%3A%2F%2Fapi.twitter.com%2F1.1%2Fstatuses%2Fhome_timeline.json&oauth_consumer_key%3DmqQMfMBR3HFbm7tpTbAEW7m7e%26oauth_nonce%3D29917050504655434911414466262%26oauth_signature_method%3DHMAC-SHA1%26oauth_timestamp%3D1414466262%26oauth_token%3D290264105-IwgRVvawtMBGWoDOj24asoTnVEVjWjeFQvzKyDcb%26oauth_version%3D1.0
DEBUG:oauthlib:Signature: xwManR8ddN0ff3D5zF5ZVY6/pug=
DEBUG:oauthlib:Encoding URI, headers and body to utf-8.
DEBUG:requests_oauthlib.oauth1_auth:Updated url: https://api.twitter.com/1.1/statuses/home_timeline.json
DEBUG:requests_oauthlib.oauth1_auth:Updated headers: {'Accept': '*/*', 'Connection': 'keep-alive', 'Accept-Encoding': 'gzip, deflate', 'Authorization': 'OAuth oauth_nonce="29917050504655434911414466262", oauth_timestamp="1414466262", oauth_version="1.0", oauth_signature_method="HMAC-SHA1", oauth_consumer_key="mqQMfMBR3HFbm7tpTbAEW7m7e", oauth_token="290264105-IwgRVvawtMBGWoDOj24asoTnVEVjWjeFQvzKyDcb", oauth_signature="xwManR8ddN0ff3D5zF5ZVY6%2Fpug%3D"', 'User-Agent': 'python-requests/2.4.3 CPython/2.7.3 Darwin/14.0.0'}
DEBUG:requests_oauthlib.oauth1_auth:Updated body: None
INFO:requests.packages.urllib3.connectionpool:Starting new HTTPS connection (1): api.twitter.com
DEBUG:requests.packages.urllib3.connectionpool:"GET /1.1/statuses/home_timeline.json HTTP/1.1" 200 10309
INFO:root:Creating Tweet Parser
DEBUG:root:Creating Post Parser for Chirpy
DEBUG:requests_oauthlib.oauth1_auth:Signing request <PreparedRequest [GET]> using client <Client nonce=None, signature_method=HMAC-SHA1, realm=None, encoding=utf-8, timestamp=None, resource_owner_secret=****, decoding=utf-8, verifier=None, signature_type=AUTH_HEADER, rsa_key=None, resource_owner_key=290264105-IwgRVvawtMBGWoDOj24asoTnVEVjWjeFQvzKyDcb, client_secret=****, callback_uri=None, client_key=mqQMfMBR3HFbm7tpTbAEW7m7e>
DEBUG:requests_oauthlib.oauth1_auth:Including body in call to sign: False
DEBUG:oauthlib:Collected params: [(u'oauth_nonce', u'118375413205049615971414467999'), (u'oauth_timestamp', u'1414467999'), (u'oauth_consumer_key', u'mqQMfMBR3HFbm7tpTbAEW7m7e'), (u'oauth_signature_method', u'HMAC-SHA1'), (u'oauth_version', u'1.0'), (u'oauth_token', u'290264105-IwgRVvawtMBGWoDOj24asoTnVEVjWjeFQvzKyDcb')]
DEBUG:oauthlib:Normalized params: oauth_consumer_key=mqQMfMBR3HFbm7tpTbAEW7m7e&oauth_nonce=118375413205049615971414467999&oauth_signature_method=HMAC-SHA1&oauth_timestamp=1414467999&oauth_token=290264105-IwgRVvawtMBGWoDOj24asoTnVEVjWjeFQvzKyDcb&oauth_version=1.0
DEBUG:oauthlib:Normalized URI: https://api.twitter.com/1.1/statuses/home_timeline.json
DEBUG:oauthlib:Base signing string: GET&https%3A%2F%2Fapi.twitter.com%2F1.1%2Fstatuses%2Fhome_timeline.json&oauth_consumer_key%3DmqQMfMBR3HFbm7tpTbAEW7m7e%26oauth_nonce%3D118375413205049615971414467999%26oauth_signature_method%3DHMAC-SHA1%26oauth_timestamp%3D1414467999%26oauth_token%3D290264105-IwgRVvawtMBGWoDOj24asoTnVEVjWjeFQvzKyDcb%26oauth_version%3D1.0
DEBUG:oauthlib:Signature: s1uV6ZmxJNHUbcJOQ5F97Fb1MRY=
DEBUG:oauthlib:Encoding URI, headers and body to utf-8.
DEBUG:requests_oauthlib.oauth1_auth:Updated url: https://api.twitter.com/1.1/statuses/home_timeline.json
DEBUG:requests_oauthlib.oauth1_auth:Updated headers: {'Accept': '*/*', 'Connection': 'keep-alive', 'Accept-Encoding': 'gzip, deflate', 'Authorization': 'OAuth oauth_nonce="118375413205049615971414467999", oauth_timestamp="1414467999", oauth_version="1.0", oauth_signature_method="HMAC-SHA1", oauth_consumer_key="mqQMfMBR3HFbm7tpTbAEW7m7e", oauth_token="290264105-IwgRVvawtMBGWoDOj24asoTnVEVjWjeFQvzKyDcb", oauth_signature="s1uV6ZmxJNHUbcJOQ5F97Fb1MRY%3D"', 'User-Agent': 'python-requests/2.4.3 CPython/2.7.3 Darwin/14.0.0'}
DEBUG:requests_oauthlib.oauth1_auth:Updated body: None
INFO:requests.packages.urllib3.connectionpool:Starting new HTTPS connection (1): api.twitter.com
DEBUG:requests.packages.urllib3.connectionpool:"GET /1.1/statuses/home_timeline.json HTTP/1.1" 200 10302
INFO:root:Creating Tweet Parser
DEBUG:root:Creating Post Parser for Chirpy
INFO:root:Creating Tweet Parser
DEBUG:root:Creating Post Parser for Chirpy
INFO:root:Creating Tweet Parser
DEBUG:root:Creating Post Parser for Chirpy
INFO:root:Creating Tweet Parser
DEBUG:root:Creating Post Parser for Chirpy
INFO:root:Creating Tweet Parser
DEBUG:root:Creating Post Parser for Chirpy
INFO:root:Creating Tweet Parser
DEBUG:root:Creating Post Parser for Chirpy
INFO:root:Creating Tweet Parser
DEBUG:root:Creating Post Parser for Chirpy
